2021-01-21 13:44:52.256  INFO 8188 --- [main] c.h.a.A.AirportPilotServiceApplication   : Starting AirportPilotServiceApplication using Java 1.8.0_271 on DESKTOP-GV7K8NV with PID 8188 (C:\Users\Hi\Desktop\HCL\online_training_HCL\Mode2\SpringBootDemos\AirportPilotService\target\classes started by Hi in C:\Users\Hi\Desktop\HCL\online_training_HCL\Mode2\SpringBootDemos\AirportPilotService)
2021-01-21 13:44:52.275  INFO 8188 --- [main] c.h.a.A.AirportPilotServiceApplication   : No active profile set, falling back to default profiles: default
2021-01-21 13:44:54.042  INFO 8188 --- [main] .s.d.r.c.RepositoryConfigurationDelegate : Bootstrapping Spring Data JPA repositories in DEFAULT mode.
2021-01-21 13:44:54.182  INFO 8188 --- [main] .s.d.r.c.RepositoryConfigurationDelegate : Finished Spring Data repository scanning in 122 ms. Found 1 JPA repository interfaces.
2021-01-21 13:44:56.631  INFO 8188 --- [main] o.s.b.w.embedded.tomcat.TomcatWebServer  : Tomcat initialized with port(s): 7071 (http)
2021-01-21 13:44:56.668  INFO 8188 --- [main] o.apache.catalina.core.StandardService   : Starting service [Tomcat]
2021-01-21 13:44:56.669  INFO 8188 --- [main] org.apache.catalina.core.StandardEngine  : Starting Servlet engine: [Apache Tomcat/9.0.41]
2021-01-21 13:44:56.677  INFO 8188 --- [main] o.a.catalina.core.AprLifecycleListener   : Loaded Apache Tomcat Native library [1.2.23] using APR version [1.7.0].
2021-01-21 13:44:56.678  INFO 8188 --- [main] o.a.catalina.core.AprLifecycleListener   : APR capabilities: IPv6 [true], sendfile [true], accept filters [false], random [true].
2021-01-21 13:44:56.679  INFO 8188 --- [main] o.a.catalina.core.AprLifecycleListener   : APR/OpenSSL configuration: useAprConnector [false], useOpenSSL [true]
2021-01-21 13:44:56.697  INFO 8188 --- [main] o.a.catalina.core.AprLifecycleListener   : OpenSSL successfully initialized [OpenSSL 1.1.1c  28 May 2019]
2021-01-21 13:44:56.977  INFO 8188 --- [main] o.a.c.c.C.[Tomcat].[localhost].[/]       : Initializing Spring embedded WebApplicationContext
2021-01-21 13:44:56.978  INFO 8188 --- [main] w.s.c.ServletWebServerApplicationContext : Root WebApplicationContext: initialization completed in 4531 ms
2021-01-21 13:44:57.965  INFO 8188 --- [main] o.hibernate.jpa.internal.util.LogHelper  : HHH000204: Processing PersistenceUnitInfo [name: default]
2021-01-21 13:44:58.199  INFO 8188 --- [main] org.hibernate.Version                    : HHH000412: Hibernate ORM core version 5.4.27.Final
2021-01-21 13:44:58.530  INFO 8188 --- [main] o.hibernate.annotations.common.Version   : HCANN000001: Hibernate Commons Annotations {5.1.2.Final}
2021-01-21 13:44:59.562  INFO 8188 --- [main] com.zaxxer.hikari.HikariDataSource       : HikariPool-1 - Starting...
2021-01-21 13:45:00.143  INFO 8188 --- [main] com.zaxxer.hikari.HikariDataSource       : HikariPool-1 - Start completed.
2021-01-21 13:45:00.172  INFO 8188 --- [main] org.hibernate.dialect.Dialect            : HHH000400: Using dialect: org.hibernate.dialect.MySQL5Dialect
2021-01-21 13:45:00.739 ERROR 8188 --- [main] j.LocalContainerEntityManagerFactoryBean : Failed to initialize JPA EntityManagerFactory: Table [pilot_details] contains physical column name [pilot_id] referred to by multiple logical column names: [pilot_id], [pilotId]
2021-01-21 13:45:00.741  WARN 8188 --- [main] ConfigServletWebServerApplicationContext : Exception encountered during context initialization - cancelling refresh attempt: org.springframework.beans.factory.BeanCreationException: Error creating bean with name 'entityManagerFactory' defined in class path resource [org/springframework/boot/autoconfigure/orm/jpa/HibernateJpaConfiguration.class]: Invocation of init method failed; nested exception is org.hibernate.DuplicateMappingException: Table [pilot_details] contains physical column name [pilot_id] referred to by multiple logical column names: [pilot_id], [pilotId]
2021-01-21 13:45:00.741  INFO 8188 --- [main] com.zaxxer.hikari.HikariDataSource       : HikariPool-1 - Shutdown initiated...
2021-01-21 13:45:00.782  INFO 8188 --- [main] com.zaxxer.hikari.HikariDataSource       : HikariPool-1 - Shutdown completed.
2021-01-21 13:45:00.788  INFO 8188 --- [main] o.apache.catalina.core.StandardService   : Stopping service [Tomcat]
2021-01-21 13:45:00.838  INFO 8188 --- [main] ConditionEvaluationReportLoggingListener : 

Error starting ApplicationContext. To display the conditions report re-run your application with 'debug' enabled.
2021-01-21 13:45:00.972 ERROR 8188 --- [main] o.s.boot.SpringApplication               : Application run failed

org.springframework.beans.factory.BeanCreationException: Error creating bean with name 'entityManagerFactory' defined in class path resource [org/springframework/boot/autoconfigure/orm/jpa/HibernateJpaConfiguration.class]: Invocation of init method failed; nested exception is org.hibernate.DuplicateMappingException: Table [pilot_details] contains physical column name [pilot_id] referred to by multiple logical column names: [pilot_id], [pilotId]
	at org.springframework.beans.factory.support.AbstractAutowireCapableBeanFactory.initializeBean(AbstractAutowireCapableBeanFactory.java:1788) ~[spring-beans-5.3.3.jar:5.3.3]
	at org.springframework.beans.factory.support.AbstractAutowireCapableBeanFactory.doCreateBean(AbstractAutowireCapableBeanFactory.java:609) ~[spring-beans-5.3.3.jar:5.3.3]
	at org.springframework.beans.factory.support.AbstractAutowireCapableBeanFactory.createBean(AbstractAutowireCapableBeanFactory.java:531) ~[spring-beans-5.3.3.jar:5.3.3]
	at org.springframework.beans.factory.support.AbstractBeanFactory.lambda$doGetBean$0(AbstractBeanFactory.java:335) ~[spring-beans-5.3.3.jar:5.3.3]
	at org.springframework.beans.factory.support.DefaultSingletonBeanRegistry.getSingleton(DefaultSingletonBeanRegistry.java:234) ~[spring-beans-5.3.3.jar:5.3.3]
	at org.springframework.beans.factory.support.AbstractBeanFactory.doGetBean(AbstractBeanFactory.java:333) ~[spring-beans-5.3.3.jar:5.3.3]
	at org.springframework.beans.factory.support.AbstractBeanFactory.getBean(AbstractBeanFactory.java:208) ~[spring-beans-5.3.3.jar:5.3.3]
	at org.springframework.context.support.AbstractApplicationContext.getBean(AbstractApplicationContext.java:1159) ~[spring-context-5.3.3.jar:5.3.3]
	at org.springframework.context.support.AbstractApplicationContext.finishBeanFactoryInitialization(AbstractApplicationContext.java:913) ~[spring-context-5.3.3.jar:5.3.3]
	at org.springframework.context.support.AbstractApplicationContext.refresh(AbstractApplicationContext.java:588) ~[spring-context-5.3.3.jar:5.3.3]
	at org.springframework.boot.web.servlet.context.ServletWebServerApplicationContext.refresh(ServletWebServerApplicationContext.java:144) ~[spring-boot-2.4.2.jar:2.4.2]
	at org.springframework.boot.SpringApplication.refresh(SpringApplication.java:767) [spring-boot-2.4.2.jar:2.4.2]
	at org.springframework.boot.SpringApplication.refresh(SpringApplication.java:759) [spring-boot-2.4.2.jar:2.4.2]
	at org.springframework.boot.SpringApplication.refreshContext(SpringApplication.java:426) [spring-boot-2.4.2.jar:2.4.2]
	at org.springframework.boot.SpringApplication.run(SpringApplication.java:326) [spring-boot-2.4.2.jar:2.4.2]
	at org.springframework.boot.SpringApplication.run(SpringApplication.java:1311) [spring-boot-2.4.2.jar:2.4.2]
	at org.springframework.boot.SpringApplication.run(SpringApplication.java:1300) [spring-boot-2.4.2.jar:2.4.2]
	at com.hcl.airport.AirportPilotService.AirportPilotServiceApplication.main(AirportPilotServiceApplication.java:10) [classes/:na]
Caused by: org.hibernate.DuplicateMappingException: Table [pilot_details] contains physical column name [pilot_id] referred to by multiple logical column names: [pilot_id], [pilotId]
	at org.hibernate.boot.internal.InFlightMetadataCollectorImpl$TableColumnNameBinding.bindPhysicalToLogical(InFlightMetadataCollectorImpl.java:940) ~[hibernate-core-5.4.27.Final.jar:5.4.27.Final]
	at org.hibernate.boot.internal.InFlightMetadataCollectorImpl$TableColumnNameBinding.addBinding(InFlightMetadataCollectorImpl.java:909) ~[hibernate-core-5.4.27.Final.jar:5.4.27.Final]
	at org.hibernate.boot.internal.InFlightMetadataCollectorImpl.addColumnNameBinding(InFlightMetadataCollectorImpl.java:979) ~[hibernate-core-5.4.27.Final.jar:5.4.27.Final]
	at org.hibernate.boot.internal.InFlightMetadataCollectorImpl.addColumnNameBinding(InFlightMetadataCollectorImpl.java:960) ~[hibernate-core-5.4.27.Final.jar:5.4.27.Final]
	at org.hibernate.cfg.Ejb3Column.addColumnBinding(Ejb3Column.java:409) ~[hibernate-core-5.4.27.Final.jar:5.4.27.Final]
	at org.hibernate.cfg.Ejb3Column.linkWithValue(Ejb3Column.java:371) ~[hibernate-core-5.4.27.Final.jar:5.4.27.Final]
	at org.hibernate.cfg.annotations.SimpleValueBinder.linkWithValue(SimpleValueBinder.java:449) ~[hibernate-core-5.4.27.Final.jar:5.4.27.Final]
	at org.hibernate.cfg.annotations.SimpleValueBinder.make(SimpleValueBinder.java:425) ~[hibernate-core-5.4.27.Final.jar:5.4.27.Final]
	at org.hibernate.cfg.annotations.PropertyBinder.makePropertyAndValue(PropertyBinder.java:193) ~[hibernate-core-5.4.27.Final.jar:5.4.27.Final]
	at org.hibernate.cfg.annotations.PropertyBinder.makePropertyValueAndBind(PropertyBinder.java:205) ~[hibernate-core-5.4.27.Final.jar:5.4.27.Final]
	at org.hibernate.cfg.AnnotationBinder.processElementAnnotations(AnnotationBinder.java:2296) ~[hibernate-core-5.4.27.Final.jar:5.4.27.Final]
	at org.hibernate.cfg.AnnotationBinder.processIdPropertiesIfNotAlready(AnnotationBinder.java:975) ~[hibernate-core-5.4.27.Final.jar:5.4.27.Final]
	at org.hibernate.cfg.AnnotationBinder.bindClass(AnnotationBinder.java:802) ~[hibernate-core-5.4.27.Final.jar:5.4.27.Final]
	at org.hibernate.boot.model.source.internal.annotations.AnnotationMetadataSourceProcessorImpl.processEntityHierarchies(AnnotationMetadataSourceProcessorImpl.java:248) ~[hibernate-core-5.4.27.Final.jar:5.4.27.Final]
	at org.hibernate.boot.model.process.spi.MetadataBuildingProcess$1.processEntityHierarchies(MetadataBuildingProcess.java:239) ~[hibernate-core-5.4.27.Final.jar:5.4.27.Final]
	at org.hibernate.boot.model.process.spi.MetadataBuildingProcess.complete(MetadataBuildingProcess.java:282) ~[hibernate-core-5.4.27.Final.jar:5.4.27.Final]
	at org.hibernate.jpa.boot.internal.EntityManagerFactoryBuilderImpl.metadata(EntityManagerFactoryBuilderImpl.java:1224) ~[hibernate-core-5.4.27.Final.jar:5.4.27.Final]
	at org.hibernate.jpa.boot.internal.EntityManagerFactoryBuilderImpl.build(EntityManagerFactoryBuilderImpl.java:1255) ~[hibernate-core-5.4.27.Final.jar:5.4.27.Final]
	at org.springframework.orm.jpa.vendor.SpringHibernateJpaPersistenceProvider.createContainerEntityManagerFactory(SpringHibernateJpaPersistenceProvider.java:58) ~[spring-orm-5.3.3.jar:5.3.3]
	at org.springframework.orm.jpa.LocalContainerEntityManagerFactoryBean.createNativeEntityManagerFactory(LocalContainerEntityManagerFactoryBean.java:365) ~[spring-orm-5.3.3.jar:5.3.3]
	at org.springframework.orm.jpa.AbstractEntityManagerFactoryBean.buildNativeEntityManagerFactory(AbstractEntityManagerFactoryBean.java:409) ~[spring-orm-5.3.3.jar:5.3.3]
	at org.springframework.orm.jpa.AbstractEntityManagerFactoryBean.afterPropertiesSet(AbstractEntityManagerFactoryBean.java:396) ~[spring-orm-5.3.3.jar:5.3.3]
	at org.springframework.orm.jpa.LocalContainerEntityManagerFactoryBean.afterPropertiesSet(LocalContainerEntityManagerFactoryBean.java:341) ~[spring-orm-5.3.3.jar:5.3.3]
	at org.springframework.beans.factory.support.AbstractAutowireCapableBeanFactory.invokeInitMethods(AbstractAutowireCapableBeanFactory.java:1847) ~[spring-beans-5.3.3.jar:5.3.3]
	at org.springframework.beans.factory.support.AbstractAutowireCapableBeanFactory.initializeBean(AbstractAutowireCapableBeanFactory.java:1784) ~[spring-beans-5.3.3.jar:5.3.3]
	... 17 common frames omitted

2021-01-21 13:46:58.456  INFO 13300 --- [main] c.h.a.A.AirportPilotServiceApplication   : Starting AirportPilotServiceApplication using Java 1.8.0_271 on DESKTOP-GV7K8NV with PID 13300 (C:\Users\Hi\Desktop\HCL\online_training_HCL\Mode2\SpringBootDemos\AirportPilotService\target\classes started by Hi in C:\Users\Hi\Desktop\HCL\online_training_HCL\Mode2\SpringBootDemos\AirportPilotService)
2021-01-21 13:46:58.463  INFO 13300 --- [main] c.h.a.A.AirportPilotServiceApplication   : No active profile set, falling back to default profiles: default
2021-01-21 13:47:00.587  INFO 13300 --- [main] .s.d.r.c.RepositoryConfigurationDelegate : Bootstrapping Spring Data JPA repositories in DEFAULT mode.
2021-01-21 13:47:00.738  INFO 13300 --- [main] .s.d.r.c.RepositoryConfigurationDelegate : Finished Spring Data repository scanning in 120 ms. Found 1 JPA repository interfaces.
2021-01-21 13:47:03.216  INFO 13300 --- [main] o.s.b.w.embedded.tomcat.TomcatWebServer  : Tomcat initialized with port(s): 7071 (http)
2021-01-21 13:47:03.239  INFO 13300 --- [main] o.apache.catalina.core.StandardService   : Starting service [Tomcat]
2021-01-21 13:47:03.240  INFO 13300 --- [main] org.apache.catalina.core.StandardEngine  : Starting Servlet engine: [Apache Tomcat/9.0.41]
2021-01-21 13:47:03.243  INFO 13300 --- [main] o.a.catalina.core.AprLifecycleListener   : Loaded Apache Tomcat Native library [1.2.23] using APR version [1.7.0].
2021-01-21 13:47:03.244  INFO 13300 --- [main] o.a.catalina.core.AprLifecycleListener   : APR capabilities: IPv6 [true], sendfile [true], accept filters [false], random [true].
2021-01-21 13:47:03.245  INFO 13300 --- [main] o.a.catalina.core.AprLifecycleListener   : APR/OpenSSL configuration: useAprConnector [false], useOpenSSL [true]
2021-01-21 13:47:03.250  INFO 13300 --- [main] o.a.catalina.core.AprLifecycleListener   : OpenSSL successfully initialized [OpenSSL 1.1.1c  28 May 2019]
2021-01-21 13:47:03.489  INFO 13300 --- [main] o.a.c.c.C.[Tomcat].[localhost].[/]       : Initializing Spring embedded WebApplicationContext
2021-01-21 13:47:03.489  INFO 13300 --- [main] w.s.c.ServletWebServerApplicationContext : Root WebApplicationContext: initialization completed in 4830 ms
2021-01-21 13:47:04.193  INFO 13300 --- [main] o.hibernate.jpa.internal.util.LogHelper  : HHH000204: Processing PersistenceUnitInfo [name: default]
2021-01-21 13:47:04.392  INFO 13300 --- [main] org.hibernate.Version                    : HHH000412: Hibernate ORM core version 5.4.27.Final
2021-01-21 13:47:04.889  INFO 13300 --- [main] o.hibernate.annotations.common.Version   : HCANN000001: Hibernate Commons Annotations {5.1.2.Final}
2021-01-21 13:47:05.231  INFO 13300 --- [main] com.zaxxer.hikari.HikariDataSource       : HikariPool-1 - Starting...
2021-01-21 13:47:05.895  INFO 13300 --- [main] com.zaxxer.hikari.HikariDataSource       : HikariPool-1 - Start completed.
2021-01-21 13:47:05.942  INFO 13300 --- [main] org.hibernate.dialect.Dialect            : HHH000400: Using dialect: org.hibernate.dialect.MySQL5Dialect
2021-01-21 13:47:08.890  INFO 13300 --- [main] o.h.e.t.j.p.i.JtaPlatformInitiator       : HHH000490: Using JtaPlatform implementation: [org.hibernate.engine.transaction.jta.platform.internal.NoJtaPlatform]
2021-01-21 13:47:08.908  INFO 13300 --- [main] j.LocalContainerEntityManagerFactoryBean : Initialized JPA EntityManagerFactory for persistence unit 'default'
2021-01-21 13:47:09.904  WARN 13300 --- [main] JpaBaseConfiguration$JpaWebConfiguration : spring.jpa.open-in-view is enabled by default. Therefore, database queries may be performed during view rendering. Explicitly configure spring.jpa.open-in-view to disable this warning
2021-01-21 13:47:10.613  INFO 13300 --- [main] o.s.s.concurrent.ThreadPoolTaskExecutor  : Initializing ExecutorService 'applicationTaskExecutor'
2021-01-21 13:47:13.119  INFO 13300 --- [main] o.s.b.w.embedded.tomcat.TomcatWebServer  : Tomcat started on port(s): 7071 (http) with context path ''
2021-01-21 13:47:13.281  INFO 13300 --- [main] c.h.a.A.AirportPilotServiceApplication   : Started AirportPilotServiceApplication in 16.022 seconds (JVM running for 16.812)
2021-01-21 13:52:04.372  INFO 14708 --- [main] c.h.a.A.AirportPilotServiceApplication   : Starting AirportPilotServiceApplication using Java 1.8.0_271 on DESKTOP-GV7K8NV with PID 14708 (C:\Users\Hi\Desktop\HCL\online_training_HCL\Mode2\SpringBootDemos\AirportPilotService\target\classes started by Hi in C:\Users\Hi\Desktop\HCL\online_training_HCL\Mode2\SpringBootDemos\AirportPilotService)
2021-01-21 13:52:04.378  INFO 14708 --- [main] c.h.a.A.AirportPilotServiceApplication   : No active profile set, falling back to default profiles: default
2021-01-21 13:52:06.428  INFO 14708 --- [main] .s.d.r.c.RepositoryConfigurationDelegate : Bootstrapping Spring Data JPA repositories in DEFAULT mode.
2021-01-21 13:52:06.534  INFO 14708 --- [main] .s.d.r.c.RepositoryConfigurationDelegate : Finished Spring Data repository scanning in 89 ms. Found 1 JPA repository interfaces.
2021-01-21 13:52:08.538  INFO 14708 --- [main] o.s.b.w.embedded.tomcat.TomcatWebServer  : Tomcat initialized with port(s): 7071 (http)
2021-01-21 13:52:08.554  INFO 14708 --- [main] o.apache.catalina.core.StandardService   : Starting service [Tomcat]
2021-01-21 13:52:08.554  INFO 14708 --- [main] org.apache.catalina.core.StandardEngine  : Starting Servlet engine: [Apache Tomcat/9.0.41]
2021-01-21 13:52:08.556  INFO 14708 --- [main] o.a.catalina.core.AprLifecycleListener   : Loaded Apache Tomcat Native library [1.2.23] using APR version [1.7.0].
2021-01-21 13:52:08.557  INFO 14708 --- [main] o.a.catalina.core.AprLifecycleListener   : APR capabilities: IPv6 [true], sendfile [true], accept filters [false], random [true].
2021-01-21 13:52:08.557  INFO 14708 --- [main] o.a.catalina.core.AprLifecycleListener   : APR/OpenSSL configuration: useAprConnector [false], useOpenSSL [true]
2021-01-21 13:52:08.562  INFO 14708 --- [main] o.a.catalina.core.AprLifecycleListener   : OpenSSL successfully initialized [OpenSSL 1.1.1c  28 May 2019]
2021-01-21 13:52:08.802  INFO 14708 --- [main] o.a.c.c.C.[Tomcat].[localhost].[/]       : Initializing Spring embedded WebApplicationContext
2021-01-21 13:52:08.804  INFO 14708 --- [main] w.s.c.ServletWebServerApplicationContext : Root WebApplicationContext: initialization completed in 4251 ms
2021-01-21 13:52:09.409  INFO 14708 --- [main] o.hibernate.jpa.internal.util.LogHelper  : HHH000204: Processing PersistenceUnitInfo [name: default]
2021-01-21 13:52:10.205  INFO 14708 --- [main] org.hibernate.Version                    : HHH000412: Hibernate ORM core version 5.4.27.Final
2021-01-21 13:52:10.460  INFO 14708 --- [main] o.hibernate.annotations.common.Version   : HCANN000001: Hibernate Commons Annotations {5.1.2.Final}
2021-01-21 13:52:10.754  INFO 14708 --- [main] com.zaxxer.hikari.HikariDataSource       : HikariPool-1 - Starting...
2021-01-21 13:52:11.678  INFO 14708 --- [main] com.zaxxer.hikari.HikariDataSource       : HikariPool-1 - Start completed.
2021-01-21 13:52:11.719  INFO 14708 --- [main] org.hibernate.dialect.Dialect            : HHH000400: Using dialect: org.hibernate.dialect.MySQL5Dialect
2021-01-21 13:52:13.569  INFO 14708 --- [main] o.h.e.t.j.p.i.JtaPlatformInitiator       : HHH000490: Using JtaPlatform implementation: [org.hibernate.engine.transaction.jta.platform.internal.NoJtaPlatform]
2021-01-21 13:52:13.586  INFO 14708 --- [main] j.LocalContainerEntityManagerFactoryBean : Initialized JPA EntityManagerFactory for persistence unit 'default'
2021-01-21 13:52:14.416  WARN 14708 --- [main] JpaBaseConfiguration$JpaWebConfiguration : spring.jpa.open-in-view is enabled by default. Therefore, database queries may be performed during view rendering. Explicitly configure spring.jpa.open-in-view to disable this warning
2021-01-21 13:52:14.763  INFO 14708 --- [main] o.s.s.concurrent.ThreadPoolTaskExecutor  : Initializing ExecutorService 'applicationTaskExecutor'
2021-01-21 13:52:16.180  WARN 14708 --- [main] ConfigServletWebServerApplicationContext : Exception encountered during context initialization - cancelling refresh attempt: org.springframework.context.ApplicationContextException: Failed to start bean 'webServerStartStop'; nested exception is org.springframework.boot.web.server.PortInUseException: Port 7071 is already in use
2021-01-21 13:52:16.182  INFO 14708 --- [main] o.s.s.concurrent.ThreadPoolTaskExecutor  : Shutting down ExecutorService 'applicationTaskExecutor'
2021-01-21 13:52:16.183  INFO 14708 --- [main] j.LocalContainerEntityManagerFactoryBean : Closing JPA EntityManagerFactory for persistence unit 'default'
2021-01-21 13:52:16.294  INFO 14708 --- [main] com.zaxxer.hikari.HikariDataSource       : HikariPool-1 - Shutdown initiated...
2021-01-21 13:52:16.381  INFO 14708 --- [main] com.zaxxer.hikari.HikariDataSource       : HikariPool-1 - Shutdown completed.
2021-01-21 13:52:16.400  INFO 14708 --- [main] o.apache.catalina.core.StandardService   : Stopping service [Tomcat]
2021-01-21 13:52:16.424  INFO 14708 --- [main] ConditionEvaluationReportLoggingListener : 

Error starting ApplicationContext. To display the conditions report re-run your application with 'debug' enabled.
2021-01-21 13:52:16.565 ERROR 14708 --- [main] o.s.b.d.LoggingFailureAnalysisReporter   : 

***************************
APPLICATION FAILED TO START
***************************

Description:

Web server failed to start. Port 7071 was already in use.

Action:

Identify and stop the process that's listening on port 7071 or configure this application to listen on another port.

2021-01-21 13:52:43.935  INFO 19156 --- [main] c.h.a.A.AirportPilotServiceApplication   : Starting AirportPilotServiceApplication using Java 1.8.0_271 on DESKTOP-GV7K8NV with PID 19156 (C:\Users\Hi\Desktop\HCL\online_training_HCL\Mode2\SpringBootDemos\AirportPilotService\target\classes started by Hi in C:\Users\Hi\Desktop\HCL\online_training_HCL\Mode2\SpringBootDemos\AirportPilotService)
2021-01-21 13:52:43.970  INFO 19156 --- [main] c.h.a.A.AirportPilotServiceApplication   : No active profile set, falling back to default profiles: default
2021-01-21 13:52:46.232  INFO 19156 --- [main] .s.d.r.c.RepositoryConfigurationDelegate : Bootstrapping Spring Data JPA repositories in DEFAULT mode.
2021-01-21 13:52:46.411  INFO 19156 --- [main] .s.d.r.c.RepositoryConfigurationDelegate : Finished Spring Data repository scanning in 141 ms. Found 1 JPA repository interfaces.
2021-01-21 13:52:48.316  INFO 19156 --- [main] o.s.b.w.embedded.tomcat.TomcatWebServer  : Tomcat initialized with port(s): 7071 (http)
2021-01-21 13:52:48.336  INFO 19156 --- [main] o.apache.catalina.core.StandardService   : Starting service [Tomcat]
2021-01-21 13:52:48.337  INFO 19156 --- [main] org.apache.catalina.core.StandardEngine  : Starting Servlet engine: [Apache Tomcat/9.0.41]
2021-01-21 13:52:48.339  INFO 19156 --- [main] o.a.catalina.core.AprLifecycleListener   : Loaded Apache Tomcat Native library [1.2.23] using APR version [1.7.0].
2021-01-21 13:52:48.340  INFO 19156 --- [main] o.a.catalina.core.AprLifecycleListener   : APR capabilities: IPv6 [true], sendfile [true], accept filters [false], random [true].
2021-01-21 13:52:48.340  INFO 19156 --- [main] o.a.catalina.core.AprLifecycleListener   : APR/OpenSSL configuration: useAprConnector [false], useOpenSSL [true]
2021-01-21 13:52:48.345  INFO 19156 --- [main] o.a.catalina.core.AprLifecycleListener   : OpenSSL successfully initialized [OpenSSL 1.1.1c  28 May 2019]
2021-01-21 13:52:48.503  INFO 19156 --- [main] o.a.c.c.C.[Tomcat].[localhost].[/]       : Initializing Spring embedded WebApplicationContext
2021-01-21 13:52:48.504  INFO 19156 --- [main] w.s.c.ServletWebServerApplicationContext : Root WebApplicationContext: initialization completed in 4365 ms
2021-01-21 13:52:49.093  INFO 19156 --- [main] o.hibernate.jpa.internal.util.LogHelper  : HHH000204: Processing PersistenceUnitInfo [name: default]
2021-01-21 13:52:49.363  INFO 19156 --- [main] org.hibernate.Version                    : HHH000412: Hibernate ORM core version 5.4.27.Final
2021-01-21 13:52:49.700  INFO 19156 --- [main] o.hibernate.annotations.common.Version   : HCANN000001: Hibernate Commons Annotations {5.1.2.Final}
2021-01-21 13:52:50.023  INFO 19156 --- [main] com.zaxxer.hikari.HikariDataSource       : HikariPool-1 - Starting...
2021-01-21 13:52:50.478  INFO 19156 --- [main] com.zaxxer.hikari.HikariDataSource       : HikariPool-1 - Start completed.
2021-01-21 13:52:50.518  INFO 19156 --- [main] org.hibernate.dialect.Dialect            : HHH000400: Using dialect: org.hibernate.dialect.MySQL5Dialect
2021-01-21 13:52:52.494  INFO 19156 --- [main] o.h.e.t.j.p.i.JtaPlatformInitiator       : HHH000490: Using JtaPlatform implementation: [org.hibernate.engine.transaction.jta.platform.internal.NoJtaPlatform]
2021-01-21 13:52:52.510  INFO 19156 --- [main] j.LocalContainerEntityManagerFactoryBean : Initialized JPA EntityManagerFactory for persistence unit 'default'
2021-01-21 13:52:53.196  WARN 19156 --- [main] JpaBaseConfiguration$JpaWebConfiguration : spring.jpa.open-in-view is enabled by default. Therefore, database queries may be performed during view rendering. Explicitly configure spring.jpa.open-in-view to disable this warning
2021-01-21 13:52:53.515  INFO 19156 --- [main] o.s.s.concurrent.ThreadPoolTaskExecutor  : Initializing ExecutorService 'applicationTaskExecutor'
2021-01-21 13:52:54.313  INFO 19156 --- [main] o.s.b.w.embedded.tomcat.TomcatWebServer  : Tomcat started on port(s): 7071 (http) with context path ''
2021-01-21 13:52:54.355  INFO 19156 --- [main] c.h.a.A.AirportPilotServiceApplication   : Started AirportPilotServiceApplication in 11.156 seconds (JVM running for 11.771)
2021-01-21 13:54:13.836  INFO 19156 --- [http-nio-7071-exec-1] o.a.c.c.C.[Tomcat].[localhost].[/]       : Initializing Spring DispatcherServlet 'dispatcherServlet'
2021-01-21 13:54:13.836  INFO 19156 --- [http-nio-7071-exec-1] o.s.web.servlet.DispatcherServlet        : Initializing Servlet 'dispatcherServlet'
2021-01-21 13:54:13.839  INFO 19156 --- [http-nio-7071-exec-1] o.s.web.servlet.DispatcherServlet        : Completed initialization in 2 ms
