2021-01-22 11:12:45.339  INFO 13788 --- [main] c.h.a.A.AirportManagerServiceApplication : Starting AirportManagerServiceApplication using Java 1.8.0_271 on DESKTOP-GV7K8NV with PID 13788 (C:\Users\Hi\Desktop\HCL\online_training_HCL\Mode2\SpringBootDemos\AirportManagerService\target\classes started by Hi in C:\Users\Hi\Desktop\HCL\online_training_HCL\Mode2\SpringBootDemos\AirportManagerService)
2021-01-22 11:12:45.347  INFO 13788 --- [main] c.h.a.A.AirportManagerServiceApplication : No active profile set, falling back to default profiles: default
2021-01-22 11:12:48.380  INFO 13788 --- [main] .s.d.r.c.RepositoryConfigurationDelegate : Bootstrapping Spring Data JPA repositories in DEFAULT mode.
2021-01-22 11:12:48.551  INFO 13788 --- [main] .s.d.r.c.RepositoryConfigurationDelegate : Finished Spring Data repository scanning in 149 ms. Found 1 JPA repository interfaces.
2021-01-22 11:12:50.698  INFO 13788 --- [main] o.s.b.w.embedded.tomcat.TomcatWebServer  : Tomcat initialized with port(s): 7073 (http)
2021-01-22 11:12:50.729  INFO 13788 --- [main] o.apache.catalina.core.StandardService   : Starting service [Tomcat]
2021-01-22 11:12:50.729  INFO 13788 --- [main] org.apache.catalina.core.StandardEngine  : Starting Servlet engine: [Apache Tomcat/9.0.41]
2021-01-22 11:12:50.733  INFO 13788 --- [main] o.a.catalina.core.AprLifecycleListener   : Loaded Apache Tomcat Native library [1.2.23] using APR version [1.7.0].
2021-01-22 11:12:50.734  INFO 13788 --- [main] o.a.catalina.core.AprLifecycleListener   : APR capabilities: IPv6 [true], sendfile [true], accept filters [false], random [true].
2021-01-22 11:12:50.735  INFO 13788 --- [main] o.a.catalina.core.AprLifecycleListener   : APR/OpenSSL configuration: useAprConnector [false], useOpenSSL [true]
2021-01-22 11:12:50.741  INFO 13788 --- [main] o.a.catalina.core.AprLifecycleListener   : OpenSSL successfully initialized [OpenSSL 1.1.1c  28 May 2019]
2021-01-22 11:12:50.960  INFO 13788 --- [main] o.a.c.c.C.[Tomcat].[localhost].[/]       : Initializing Spring embedded WebApplicationContext
2021-01-22 11:12:50.961  INFO 13788 --- [main] w.s.c.ServletWebServerApplicationContext : Root WebApplicationContext: initialization completed in 5461 ms
2021-01-22 11:12:51.626  INFO 13788 --- [main] o.hibernate.jpa.internal.util.LogHelper  : HHH000204: Processing PersistenceUnitInfo [name: default]
2021-01-22 11:12:51.838  INFO 13788 --- [main] org.hibernate.Version                    : HHH000412: Hibernate ORM core version 5.4.27.Final
2021-01-22 11:12:52.201  INFO 13788 --- [main] o.hibernate.annotations.common.Version   : HCANN000001: Hibernate Commons Annotations {5.1.2.Final}
2021-01-22 11:12:52.540  INFO 13788 --- [main] com.zaxxer.hikari.HikariDataSource       : HikariPool-1 - Starting...
2021-01-22 11:12:53.917  INFO 13788 --- [main] com.zaxxer.hikari.HikariDataSource       : HikariPool-1 - Start completed.
2021-01-22 11:12:53.950  INFO 13788 --- [main] org.hibernate.dialect.Dialect            : HHH000400: Using dialect: org.hibernate.dialect.MySQL5Dialect
2021-01-22 11:12:56.546  INFO 13788 --- [main] o.h.e.t.j.p.i.JtaPlatformInitiator       : HHH000490: Using JtaPlatform implementation: [org.hibernate.engine.transaction.jta.platform.internal.NoJtaPlatform]
2021-01-22 11:12:56.568  INFO 13788 --- [main] j.LocalContainerEntityManagerFactoryBean : Initialized JPA EntityManagerFactory for persistence unit 'default'
2021-01-22 11:12:57.934  WARN 13788 --- [main] JpaBaseConfiguration$JpaWebConfiguration : spring.jpa.open-in-view is enabled by default. Therefore, database queries may be performed during view rendering. Explicitly configure spring.jpa.open-in-view to disable this warning
2021-01-22 11:12:58.500  INFO 13788 --- [main] o.s.s.concurrent.ThreadPoolTaskExecutor  : Initializing ExecutorService 'applicationTaskExecutor'
2021-01-22 11:12:59.479  INFO 13788 --- [main] o.s.b.w.embedded.tomcat.TomcatWebServer  : Tomcat started on port(s): 7073 (http) with context path ''
2021-01-22 11:12:59.510  INFO 13788 --- [main] c.h.a.A.AirportManagerServiceApplication : Started AirportManagerServiceApplication in 15.594 seconds (JVM running for 16.607)
2021-01-22 11:18:01.750  INFO 13788 --- [http-nio-7073-exec-2] o.a.c.c.C.[Tomcat].[localhost].[/]       : Initializing Spring DispatcherServlet 'dispatcherServlet'
2021-01-22 11:18:01.762  INFO 13788 --- [http-nio-7073-exec-2] o.s.web.servlet.DispatcherServlet        : Initializing Servlet 'dispatcherServlet'
2021-01-22 11:18:01.766  INFO 13788 --- [http-nio-7073-exec-2] o.s.web.servlet.DispatcherServlet        : Completed initialization in 4 ms
2021-01-22 11:18:01.870  INFO 13788 --- [http-nio-7073-exec-2] c.h.a.A.controller.ManagerController     : Entered into getAllManagerDetails() method of ManageController class
2021-01-22 11:18:01.870  INFO 13788 --- [http-nio-7073-exec-2] c.h.a.A.service.ManagerServiceImpl       : Entered in to getAllManagerDetails() method ManageServiceImpl
2021-01-22 11:18:03.622  INFO 13788 --- [http-nio-7073-exec-2] c.h.a.A.controller.ManagerController     : There is atleast one manager entity in the database
2021-01-22 11:18:03.634  INFO 13788 --- [http-nio-7073-exec-2] c.h.a.A.service.ManagerServiceImpl       : Entered in to getAllManagerDetails() method ManageServiceImpl
2021-01-22 17:54:15.227  INFO 17536 --- [main] c.h.a.A.AirportManagerServiceApplication : Starting AirportManagerServiceApplication using Java 1.8.0_271 on DESKTOP-GV7K8NV with PID 17536 (C:\Users\Hi\Desktop\HCL\online_training_HCL\Mode2\SpringBootDemos\AirportManagerService\target\classes started by Hi in C:\Users\Hi\Desktop\HCL\online_training_HCL\Mode2\SpringBootDemos\AirportManagerService)
2021-01-22 17:54:15.265  INFO 17536 --- [main] c.h.a.A.AirportManagerServiceApplication : No active profile set, falling back to default profiles: default
2021-01-22 17:54:17.882  INFO 17536 --- [main] .s.d.r.c.RepositoryConfigurationDelegate : Bootstrapping Spring Data JPA repositories in DEFAULT mode.
2021-01-22 17:54:18.034  INFO 17536 --- [main] .s.d.r.c.RepositoryConfigurationDelegate : Finished Spring Data repository scanning in 134 ms. Found 1 JPA repository interfaces.
2021-01-22 17:54:21.061  INFO 17536 --- [main] o.s.b.w.embedded.tomcat.TomcatWebServer  : Tomcat initialized with port(s): 7073 (http)
2021-01-22 17:54:21.087  INFO 17536 --- [main] o.apache.catalina.core.StandardService   : Starting service [Tomcat]
2021-01-22 17:54:21.088  INFO 17536 --- [main] org.apache.catalina.core.StandardEngine  : Starting Servlet engine: [Apache Tomcat/9.0.41]
2021-01-22 17:54:21.090  INFO 17536 --- [main] o.a.catalina.core.AprLifecycleListener   : Loaded Apache Tomcat Native library [1.2.23] using APR version [1.7.0].
2021-01-22 17:54:21.091  INFO 17536 --- [main] o.a.catalina.core.AprLifecycleListener   : APR capabilities: IPv6 [true], sendfile [true], accept filters [false], random [true].
2021-01-22 17:54:21.091  INFO 17536 --- [main] o.a.catalina.core.AprLifecycleListener   : APR/OpenSSL configuration: useAprConnector [false], useOpenSSL [true]
2021-01-22 17:54:21.142  INFO 17536 --- [main] o.a.catalina.core.AprLifecycleListener   : OpenSSL successfully initialized [OpenSSL 1.1.1c  28 May 2019]
2021-01-22 17:54:21.521  INFO 17536 --- [main] o.a.c.c.C.[Tomcat].[localhost].[/]       : Initializing Spring embedded WebApplicationContext
2021-01-22 17:54:21.522  INFO 17536 --- [main] w.s.c.ServletWebServerApplicationContext : Root WebApplicationContext: initialization completed in 6102 ms
2021-01-22 17:54:22.342  INFO 17536 --- [main] o.hibernate.jpa.internal.util.LogHelper  : HHH000204: Processing PersistenceUnitInfo [name: default]
2021-01-22 17:54:22.730  INFO 17536 --- [main] org.hibernate.Version                    : HHH000412: Hibernate ORM core version 5.4.27.Final
2021-01-22 17:54:23.847  INFO 17536 --- [main] o.hibernate.annotations.common.Version   : HCANN000001: Hibernate Commons Annotations {5.1.2.Final}
2021-01-22 17:54:24.399  INFO 17536 --- [main] com.zaxxer.hikari.HikariDataSource       : HikariPool-1 - Starting...
2021-01-22 17:54:26.629  INFO 17536 --- [main] com.zaxxer.hikari.HikariDataSource       : HikariPool-1 - Start completed.
2021-01-22 17:54:27.031  INFO 17536 --- [main] org.hibernate.dialect.Dialect            : HHH000400: Using dialect: org.hibernate.dialect.MySQL5Dialect
2021-01-22 17:54:31.391  INFO 17536 --- [main] o.h.e.t.j.p.i.JtaPlatformInitiator       : HHH000490: Using JtaPlatform implementation: [org.hibernate.engine.transaction.jta.platform.internal.NoJtaPlatform]
2021-01-22 17:54:31.489  INFO 17536 --- [main] j.LocalContainerEntityManagerFactoryBean : Initialized JPA EntityManagerFactory for persistence unit 'default'
2021-01-22 17:54:32.790  WARN 17536 --- [main] JpaBaseConfiguration$JpaWebConfiguration : spring.jpa.open-in-view is enabled by default. Therefore, database queries may be performed during view rendering. Explicitly configure spring.jpa.open-in-view to disable this warning
2021-01-22 17:54:33.263  INFO 17536 --- [main] o.s.s.concurrent.ThreadPoolTaskExecutor  : Initializing ExecutorService 'applicationTaskExecutor'
2021-01-22 17:54:34.416  INFO 17536 --- [main] o.s.b.w.embedded.tomcat.TomcatWebServer  : Tomcat started on port(s): 7073 (http) with context path ''
2021-01-22 17:54:34.458  INFO 17536 --- [main] c.h.a.A.AirportManagerServiceApplication : Started AirportManagerServiceApplication in 20.507 seconds (JVM running for 21.449)
2021-01-22 17:55:42.799  INFO 17536 --- [http-nio-7073-exec-1] o.a.c.c.C.[Tomcat].[localhost].[/]       : Initializing Spring DispatcherServlet 'dispatcherServlet'
2021-01-22 17:55:42.799  INFO 17536 --- [http-nio-7073-exec-1] o.s.web.servlet.DispatcherServlet        : Initializing Servlet 'dispatcherServlet'
2021-01-22 17:55:42.803  INFO 17536 --- [http-nio-7073-exec-1] o.s.web.servlet.DispatcherServlet        : Completed initialization in 4 ms
2021-01-22 17:55:43.215  INFO 17536 --- [http-nio-7073-exec-1] c.h.a.A.controller.ManagerController     : Entered into addManagerDetails() method of ManageController class
2021-01-22 17:55:43.217  INFO 17536 --- [http-nio-7073-exec-1] c.h.a.A.service.ManagerServiceImpl       : Entered in to addManagerDetails() method ManageServiceImpl
2021-01-22 18:36:36.005  INFO 9728 --- [main] c.h.a.A.AirportManagerServiceApplication : Starting AirportManagerServiceApplication using Java 1.8.0_271 on DESKTOP-GV7K8NV with PID 9728 (C:\Users\Hi\Desktop\HCL\online_training_HCL\Mode2\SpringBootDemos\AirportManagerService\target\classes started by Hi in C:\Users\Hi\Desktop\HCL\online_training_HCL\Mode2\SpringBootDemos\AirportManagerService)
2021-01-22 18:36:36.012  INFO 9728 --- [main] c.h.a.A.AirportManagerServiceApplication : No active profile set, falling back to default profiles: default
2021-01-22 18:36:38.788  INFO 9728 --- [main] .s.d.r.c.RepositoryConfigurationDelegate : Bootstrapping Spring Data JPA repositories in DEFAULT mode.
2021-01-22 18:36:38.896  INFO 9728 --- [main] .s.d.r.c.RepositoryConfigurationDelegate : Finished Spring Data repository scanning in 93 ms. Found 1 JPA repository interfaces.
2021-01-22 18:36:41.194  INFO 9728 --- [main] o.s.b.w.embedded.tomcat.TomcatWebServer  : Tomcat initialized with port(s): 7073 (http)
2021-01-22 18:36:41.235  INFO 9728 --- [main] o.apache.catalina.core.StandardService   : Starting service [Tomcat]
2021-01-22 18:36:41.236  INFO 9728 --- [main] org.apache.catalina.core.StandardEngine  : Starting Servlet engine: [Apache Tomcat/9.0.41]
2021-01-22 18:36:41.238  INFO 9728 --- [main] o.a.catalina.core.AprLifecycleListener   : Loaded Apache Tomcat Native library [1.2.23] using APR version [1.7.0].
2021-01-22 18:36:41.238  INFO 9728 --- [main] o.a.catalina.core.AprLifecycleListener   : APR capabilities: IPv6 [true], sendfile [true], accept filters [false], random [true].
2021-01-22 18:36:41.238  INFO 9728 --- [main] o.a.catalina.core.AprLifecycleListener   : APR/OpenSSL configuration: useAprConnector [false], useOpenSSL [true]
2021-01-22 18:36:41.261  INFO 9728 --- [main] o.a.catalina.core.AprLifecycleListener   : OpenSSL successfully initialized [OpenSSL 1.1.1c  28 May 2019]
2021-01-22 18:36:41.483  INFO 9728 --- [main] o.a.c.c.C.[Tomcat].[localhost].[/]       : Initializing Spring embedded WebApplicationContext
2021-01-22 18:36:41.484  INFO 9728 --- [main] w.s.c.ServletWebServerApplicationContext : Root WebApplicationContext: initialization completed in 5320 ms
2021-01-22 18:36:42.087  INFO 9728 --- [main] o.hibernate.jpa.internal.util.LogHelper  : HHH000204: Processing PersistenceUnitInfo [name: default]
2021-01-22 18:36:42.287  INFO 9728 --- [main] org.hibernate.Version                    : HHH000412: Hibernate ORM core version 5.4.27.Final
2021-01-22 18:36:42.865  INFO 9728 --- [main] o.hibernate.annotations.common.Version   : HCANN000001: Hibernate Commons Annotations {5.1.2.Final}
2021-01-22 18:36:43.301  INFO 9728 --- [main] com.zaxxer.hikari.HikariDataSource       : HikariPool-1 - Starting...
2021-01-22 18:36:44.315  INFO 9728 --- [main] com.zaxxer.hikari.HikariDataSource       : HikariPool-1 - Start completed.
2021-01-22 18:36:44.482  INFO 9728 --- [main] org.hibernate.dialect.Dialect            : HHH000400: Using dialect: org.hibernate.dialect.MySQL5Dialect
2021-01-22 18:36:46.563  INFO 9728 --- [main] o.h.e.t.j.p.i.JtaPlatformInitiator       : HHH000490: Using JtaPlatform implementation: [org.hibernate.engine.transaction.jta.platform.internal.NoJtaPlatform]
2021-01-22 18:36:46.592  INFO 9728 --- [main] j.LocalContainerEntityManagerFactoryBean : Initialized JPA EntityManagerFactory for persistence unit 'default'
2021-01-22 18:36:47.817  WARN 9728 --- [main] JpaBaseConfiguration$JpaWebConfiguration : spring.jpa.open-in-view is enabled by default. Therefore, database queries may be performed during view rendering. Explicitly configure spring.jpa.open-in-view to disable this warning
2021-01-22 18:36:48.174  INFO 9728 --- [main] o.s.s.concurrent.ThreadPoolTaskExecutor  : Initializing ExecutorService 'applicationTaskExecutor'
2021-01-22 18:36:48.982  INFO 9728 --- [main] o.s.b.w.embedded.tomcat.TomcatWebServer  : Tomcat started on port(s): 7073 (http) with context path ''
2021-01-22 18:36:49.001  INFO 9728 --- [main] c.h.a.A.AirportManagerServiceApplication : Started AirportManagerServiceApplication in 14.665 seconds (JVM running for 16.237)
2021-01-22 18:44:02.098  INFO 9728 --- [http-nio-7073-exec-3] o.a.c.c.C.[Tomcat].[localhost].[/]       : Initializing Spring DispatcherServlet 'dispatcherServlet'
2021-01-22 18:44:02.099  INFO 9728 --- [http-nio-7073-exec-3] o.s.web.servlet.DispatcherServlet        : Initializing Servlet 'dispatcherServlet'
2021-01-22 18:44:02.101  INFO 9728 --- [http-nio-7073-exec-3] o.s.web.servlet.DispatcherServlet        : Completed initialization in 2 ms
2021-01-22 18:44:02.414  INFO 9728 --- [http-nio-7073-exec-3] c.h.a.A.controller.ManagerController     : Entered into addManagerDetails() method of ManageController class
2021-01-22 18:44:02.415  INFO 9728 --- [http-nio-7073-exec-3] c.h.a.A.service.ManagerServiceImpl       : Entered in to addManagerDetails() method ManageServiceImpl
2021-01-22 18:45:40.219  INFO 9728 --- [http-nio-7073-exec-2] c.h.a.A.controller.ManagerController     : Entered into addManagerDetails() method of ManageController class
2021-01-22 18:45:40.220  INFO 9728 --- [http-nio-7073-exec-2] c.h.a.A.service.ManagerServiceImpl       : Entered in to addManagerDetails() method ManageServiceImpl
2021-01-22 18:45:52.718  INFO 9728 --- [http-nio-7073-exec-1] c.h.a.A.controller.ManagerController     : Entered into addManagerDetails() method of ManageController class
2021-01-22 18:45:52.719  INFO 9728 --- [http-nio-7073-exec-1] c.h.a.A.service.ManagerServiceImpl       : Entered in to addManagerDetails() method ManageServiceImpl
2021-01-22 19:33:17.700  INFO 9728 --- [http-nio-7073-exec-4] c.h.a.A.controller.ManagerController     : Entered into getAllManagerDetails() method of ManageController class
2021-01-22 19:33:17.709  INFO 9728 --- [http-nio-7073-exec-4] c.h.a.A.service.ManagerServiceImpl       : Entered in to getAllManagerDetails() method ManageServiceImpl
2021-01-22 19:33:17.977  INFO 9728 --- [http-nio-7073-exec-4] c.h.a.A.controller.ManagerController     : There is atleast one manager entity in the database
2021-01-22 19:33:17.978  INFO 9728 --- [http-nio-7073-exec-4] c.h.a.A.service.ManagerServiceImpl       : Entered in to getAllManagerDetails() method ManageServiceImpl
2021-01-22 19:33:42.940  INFO 9728 --- [http-nio-7073-exec-6] c.h.a.A.controller.ManagerController     : Entered into getAllManagerDetails() method of ManageController class
2021-01-22 19:33:42.940  INFO 9728 --- [http-nio-7073-exec-6] c.h.a.A.service.ManagerServiceImpl       : Entered in to getAllManagerDetails() method ManageServiceImpl
2021-01-22 19:33:42.946  INFO 9728 --- [http-nio-7073-exec-6] c.h.a.A.controller.ManagerController     : There is atleast one manager entity in the database
2021-01-22 19:33:42.946  INFO 9728 --- [http-nio-7073-exec-6] c.h.a.A.service.ManagerServiceImpl       : Entered in to getAllManagerDetails() method ManageServiceImpl
2021-01-22 19:33:45.286  INFO 9728 --- [http-nio-7073-exec-7] c.h.a.A.controller.ManagerController     : Entered into getAllManagerDetails() method of ManageController class
2021-01-22 19:33:45.287  INFO 9728 --- [http-nio-7073-exec-7] c.h.a.A.service.ManagerServiceImpl       : Entered in to getAllManagerDetails() method ManageServiceImpl
2021-01-22 19:33:45.293  INFO 9728 --- [http-nio-7073-exec-7] c.h.a.A.controller.ManagerController     : There is atleast one manager entity in the database
2021-01-22 19:33:45.293  INFO 9728 --- [http-nio-7073-exec-7] c.h.a.A.service.ManagerServiceImpl       : Entered in to getAllManagerDetails() method ManageServiceImpl
2021-01-22 19:35:00.304  INFO 9728 --- [http-nio-7073-exec-5] c.h.a.A.controller.ManagerController     : Entered into getAllManagerDetails() method of ManageController class
2021-01-22 19:35:00.305  INFO 9728 --- [http-nio-7073-exec-5] c.h.a.A.service.ManagerServiceImpl       : Entered in to getAllManagerDetails() method ManageServiceImpl
2021-01-22 19:35:00.312  INFO 9728 --- [http-nio-7073-exec-5] c.h.a.A.controller.ManagerController     : There is atleast one manager entity in the database
2021-01-22 19:35:00.312  INFO 9728 --- [http-nio-7073-exec-5] c.h.a.A.service.ManagerServiceImpl       : Entered in to getAllManagerDetails() method ManageServiceImpl
2021-01-22 19:35:12.904  INFO 9728 --- [http-nio-7073-exec-8] c.h.a.A.controller.ManagerController     : Entered into getAllManagerDetails() method of ManageController class
2021-01-22 19:35:12.905  INFO 9728 --- [http-nio-7073-exec-8] c.h.a.A.service.ManagerServiceImpl       : Entered in to getAllManagerDetails() method ManageServiceImpl
2021-01-22 19:35:12.909  INFO 9728 --- [http-nio-7073-exec-8] c.h.a.A.controller.ManagerController     : There is atleast one manager entity in the database
2021-01-22 19:35:12.910  INFO 9728 --- [http-nio-7073-exec-8] c.h.a.A.service.ManagerServiceImpl       : Entered in to getAllManagerDetails() method ManageServiceImpl
2021-01-22 19:35:17.459  INFO 9728 --- [http-nio-7073-exec-9] c.h.a.A.controller.ManagerController     : Entered into getAllManagerDetails() method of ManageController class
2021-01-22 19:35:17.460  INFO 9728 --- [http-nio-7073-exec-9] c.h.a.A.service.ManagerServiceImpl       : Entered in to getAllManagerDetails() method ManageServiceImpl
2021-01-22 19:35:17.583  INFO 9728 --- [http-nio-7073-exec-9] c.h.a.A.controller.ManagerController     : There is atleast one manager entity in the database
2021-01-22 19:35:17.584  INFO 9728 --- [http-nio-7073-exec-9] c.h.a.A.service.ManagerServiceImpl       : Entered in to getAllManagerDetails() method ManageServiceImpl
2021-01-22 19:35:31.281  INFO 9728 --- [http-nio-7073-exec-10] c.h.a.A.controller.ManagerController     : Entered into getAllManagerDetails() method of ManageController class
2021-01-22 19:35:31.281  INFO 9728 --- [http-nio-7073-exec-10] c.h.a.A.service.ManagerServiceImpl       : Entered in to getAllManagerDetails() method ManageServiceImpl
2021-01-22 19:35:31.287  INFO 9728 --- [http-nio-7073-exec-10] c.h.a.A.controller.ManagerController     : There is atleast one manager entity in the database
2021-01-22 19:35:31.287  INFO 9728 --- [http-nio-7073-exec-10] c.h.a.A.service.ManagerServiceImpl       : Entered in to getAllManagerDetails() method ManageServiceImpl
2021-01-22 19:36:49.116  INFO 9728 --- [http-nio-7073-exec-2] c.h.a.A.controller.ManagerController     : Entered into getAllManagerDetails() method of ManageController class
2021-01-22 19:36:49.117  INFO 9728 --- [http-nio-7073-exec-2] c.h.a.A.service.ManagerServiceImpl       : Entered in to getAllManagerDetails() method ManageServiceImpl
2021-01-22 19:36:49.124  INFO 9728 --- [http-nio-7073-exec-2] c.h.a.A.controller.ManagerController     : There is atleast one manager entity in the database
2021-01-22 19:36:49.124  INFO 9728 --- [http-nio-7073-exec-2] c.h.a.A.service.ManagerServiceImpl       : Entered in to getAllManagerDetails() method ManageServiceImpl
2021-01-22 19:37:26.395  INFO 9728 --- [http-nio-7073-exec-1] c.h.a.A.controller.ManagerController     : Entered into getAllManagerDetails() method of ManageController class
2021-01-22 19:37:26.396  INFO 9728 --- [http-nio-7073-exec-1] c.h.a.A.service.ManagerServiceImpl       : Entered in to getAllManagerDetails() method ManageServiceImpl
2021-01-22 19:37:26.404  INFO 9728 --- [http-nio-7073-exec-1] c.h.a.A.controller.ManagerController     : There is atleast one manager entity in the database
2021-01-22 19:37:26.404  INFO 9728 --- [http-nio-7073-exec-1] c.h.a.A.service.ManagerServiceImpl       : Entered in to getAllManagerDetails() method ManageServiceImpl
2021-01-22 20:06:25.003  INFO 1392 --- [main] c.h.a.A.AirportManagerServiceApplication : Starting AirportManagerServiceApplication using Java 1.8.0_271 on DESKTOP-GV7K8NV with PID 1392 (C:\Users\Hi\Desktop\HCL\online_training_HCL\Mode2\SpringBootDemos\AirportManagerService\target\classes started by Hi in C:\Users\Hi\Desktop\HCL\online_training_HCL\Mode2\SpringBootDemos\AirportManagerService)
2021-01-22 20:06:25.010  INFO 1392 --- [main] c.h.a.A.AirportManagerServiceApplication : No active profile set, falling back to default profiles: default
2021-01-22 20:06:26.692  INFO 1392 --- [main] .s.d.r.c.RepositoryConfigurationDelegate : Bootstrapping Spring Data JPA repositories in DEFAULT mode.
2021-01-22 20:06:26.794  INFO 1392 --- [main] .s.d.r.c.RepositoryConfigurationDelegate : Finished Spring Data repository scanning in 85 ms. Found 1 JPA repository interfaces.
2021-01-22 20:06:29.149  INFO 1392 --- [main] o.s.b.w.embedded.tomcat.TomcatWebServer  : Tomcat initialized with port(s): 7073 (http)
2021-01-22 20:06:29.184  INFO 1392 --- [main] o.apache.catalina.core.StandardService   : Starting service [Tomcat]
2021-01-22 20:06:29.185  INFO 1392 --- [main] org.apache.catalina.core.StandardEngine  : Starting Servlet engine: [Apache Tomcat/9.0.41]
2021-01-22 20:06:29.190  INFO 1392 --- [main] o.a.catalina.core.AprLifecycleListener   : Loaded Apache Tomcat Native library [1.2.23] using APR version [1.7.0].
2021-01-22 20:06:29.191  INFO 1392 --- [main] o.a.catalina.core.AprLifecycleListener   : APR capabilities: IPv6 [true], sendfile [true], accept filters [false], random [true].
2021-01-22 20:06:29.191  INFO 1392 --- [main] o.a.catalina.core.AprLifecycleListener   : APR/OpenSSL configuration: useAprConnector [false], useOpenSSL [true]
2021-01-22 20:06:29.198  INFO 1392 --- [main] o.a.catalina.core.AprLifecycleListener   : OpenSSL successfully initialized [OpenSSL 1.1.1c  28 May 2019]
2021-01-22 20:06:29.550  INFO 1392 --- [main] o.a.c.c.C.[Tomcat].[localhost].[/]       : Initializing Spring embedded WebApplicationContext
2021-01-22 20:06:29.551  INFO 1392 --- [main] w.s.c.ServletWebServerApplicationContext : Root WebApplicationContext: initialization completed in 4398 ms
2021-01-22 20:06:30.474  INFO 1392 --- [main] o.hibernate.jpa.internal.util.LogHelper  : HHH000204: Processing PersistenceUnitInfo [name: default]
2021-01-22 20:06:30.673  INFO 1392 --- [main] org.hibernate.Version                    : HHH000412: Hibernate ORM core version 5.4.27.Final
2021-01-22 20:06:31.275  INFO 1392 --- [main] o.hibernate.annotations.common.Version   : HCANN000001: Hibernate Commons Annotations {5.1.2.Final}
2021-01-22 20:06:31.978  INFO 1392 --- [main] com.zaxxer.hikari.HikariDataSource       : HikariPool-1 - Starting...
2021-01-22 20:06:32.861  INFO 1392 --- [main] com.zaxxer.hikari.HikariDataSource       : HikariPool-1 - Start completed.
2021-01-22 20:06:32.949  INFO 1392 --- [main] org.hibernate.dialect.Dialect            : HHH000400: Using dialect: org.hibernate.dialect.MySQL5Dialect
2021-01-22 20:06:35.943  INFO 1392 --- [main] o.h.e.t.j.p.i.JtaPlatformInitiator       : HHH000490: Using JtaPlatform implementation: [org.hibernate.engine.transaction.jta.platform.internal.NoJtaPlatform]
2021-01-22 20:06:35.986  INFO 1392 --- [main] j.LocalContainerEntityManagerFactoryBean : Initialized JPA EntityManagerFactory for persistence unit 'default'
2021-01-22 20:06:37.047  WARN 1392 --- [main] JpaBaseConfiguration$JpaWebConfiguration : spring.jpa.open-in-view is enabled by default. Therefore, database queries may be performed during view rendering. Explicitly configure spring.jpa.open-in-view to disable this warning
2021-01-22 20:06:37.440  INFO 1392 --- [main] o.s.s.concurrent.ThreadPoolTaskExecutor  : Initializing ExecutorService 'applicationTaskExecutor'
2021-01-22 20:06:38.268  INFO 1392 --- [main] o.s.b.w.embedded.tomcat.TomcatWebServer  : Tomcat started on port(s): 7073 (http) with context path ''
2021-01-22 20:06:38.295  INFO 1392 --- [main] c.h.a.A.AirportManagerServiceApplication : Started AirportManagerServiceApplication in 14.13 seconds (JVM running for 15.112)
2021-01-22 20:08:29.440  INFO 1392 --- [http-nio-7073-exec-2] o.a.c.c.C.[Tomcat].[localhost].[/]       : Initializing Spring DispatcherServlet 'dispatcherServlet'
2021-01-22 20:08:29.442  INFO 1392 --- [http-nio-7073-exec-2] o.s.web.servlet.DispatcherServlet        : Initializing Servlet 'dispatcherServlet'
2021-01-22 20:08:29.444  INFO 1392 --- [http-nio-7073-exec-2] o.s.web.servlet.DispatcherServlet        : Completed initialization in 1 ms
2021-01-22 20:08:29.629  INFO 1392 --- [http-nio-7073-exec-2] c.h.a.A.controller.ManagerController     : Entered into getAllManagerDetails() method of ManageController class
2021-01-22 20:08:29.629  INFO 1392 --- [http-nio-7073-exec-2] c.h.a.A.service.ManagerServiceImpl       : Entered in to getAllManagerDetails() method ManageServiceImpl
2021-01-22 20:08:30.842  INFO 1392 --- [http-nio-7073-exec-2] c.h.a.A.controller.ManagerController     : There is atleast one manager entity in the database
2021-01-22 20:08:30.849  INFO 1392 --- [http-nio-7073-exec-2] c.h.a.A.service.ManagerServiceImpl       : Entered in to getAllManagerDetails() method ManageServiceImpl
2021-01-22 20:11:19.464  INFO 18548 --- [main] c.h.a.A.AirportManagerServiceApplication : Starting AirportManagerServiceApplication using Java 1.8.0_271 on DESKTOP-GV7K8NV with PID 18548 (C:\Users\Hi\Desktop\HCL\online_training_HCL\Mode2\SpringBootDemos\AirportManagerService\target\classes started by Hi in C:\Users\Hi\Desktop\HCL\online_training_HCL\Mode2\SpringBootDemos\AirportManagerService)
2021-01-22 20:11:19.474  INFO 18548 --- [main] c.h.a.A.AirportManagerServiceApplication : No active profile set, falling back to default profiles: default
2021-01-22 20:11:21.693  INFO 18548 --- [main] .s.d.r.c.RepositoryConfigurationDelegate : Bootstrapping Spring Data JPA repositories in DEFAULT mode.
2021-01-22 20:11:21.870  INFO 18548 --- [main] .s.d.r.c.RepositoryConfigurationDelegate : Finished Spring Data repository scanning in 146 ms. Found 1 JPA repository interfaces.
2021-01-22 20:11:24.564  INFO 18548 --- [main] o.s.b.w.embedded.tomcat.TomcatWebServer  : Tomcat initialized with port(s): 7073 (http)
2021-01-22 20:11:24.597  INFO 18548 --- [main] o.apache.catalina.core.StandardService   : Starting service [Tomcat]
2021-01-22 20:11:24.598  INFO 18548 --- [main] org.apache.catalina.core.StandardEngine  : Starting Servlet engine: [Apache Tomcat/9.0.41]
2021-01-22 20:11:24.601  INFO 18548 --- [main] o.a.catalina.core.AprLifecycleListener   : Loaded Apache Tomcat Native library [1.2.23] using APR version [1.7.0].
2021-01-22 20:11:24.602  INFO 18548 --- [main] o.a.catalina.core.AprLifecycleListener   : APR capabilities: IPv6 [true], sendfile [true], accept filters [false], random [true].
2021-01-22 20:11:24.602  INFO 18548 --- [main] o.a.catalina.core.AprLifecycleListener   : APR/OpenSSL configuration: useAprConnector [false], useOpenSSL [true]
2021-01-22 20:11:24.611  INFO 18548 --- [main] o.a.catalina.core.AprLifecycleListener   : OpenSSL successfully initialized [OpenSSL 1.1.1c  28 May 2019]
2021-01-22 20:11:24.915  INFO 18548 --- [main] o.a.c.c.C.[Tomcat].[localhost].[/]       : Initializing Spring embedded WebApplicationContext
2021-01-22 20:11:24.917  INFO 18548 --- [main] w.s.c.ServletWebServerApplicationContext : Root WebApplicationContext: initialization completed in 5263 ms
2021-01-22 20:11:25.779  INFO 18548 --- [main] o.hibernate.jpa.internal.util.LogHelper  : HHH000204: Processing PersistenceUnitInfo [name: default]
2021-01-22 20:11:25.986  INFO 18548 --- [main] org.hibernate.Version                    : HHH000412: Hibernate ORM core version 5.4.27.Final
2021-01-22 20:11:26.651  INFO 18548 --- [main] o.hibernate.annotations.common.Version   : HCANN000001: Hibernate Commons Annotations {5.1.2.Final}
2021-01-22 20:11:27.174  INFO 18548 --- [main] com.zaxxer.hikari.HikariDataSource       : HikariPool-1 - Starting...
2021-01-22 20:11:27.686  INFO 18548 --- [main] com.zaxxer.hikari.HikariDataSource       : HikariPool-1 - Start completed.
2021-01-22 20:11:27.729  INFO 18548 --- [main] org.hibernate.dialect.Dialect            : HHH000400: Using dialect: org.hibernate.dialect.MySQL5Dialect
2021-01-22 20:11:29.817  INFO 18548 --- [main] o.h.e.t.j.p.i.JtaPlatformInitiator       : HHH000490: Using JtaPlatform implementation: [org.hibernate.engine.transaction.jta.platform.internal.NoJtaPlatform]
2021-01-22 20:11:29.832  INFO 18548 --- [main] j.LocalContainerEntityManagerFactoryBean : Initialized JPA EntityManagerFactory for persistence unit 'default'
2021-01-22 20:11:31.212  WARN 18548 --- [main] JpaBaseConfiguration$JpaWebConfiguration : spring.jpa.open-in-view is enabled by default. Therefore, database queries may be performed during view rendering. Explicitly configure spring.jpa.open-in-view to disable this warning
2021-01-22 20:11:31.579  INFO 18548 --- [main] o.s.s.concurrent.ThreadPoolTaskExecutor  : Initializing ExecutorService 'applicationTaskExecutor'
2021-01-22 20:11:32.228  INFO 18548 --- [main] o.s.b.w.embedded.tomcat.TomcatWebServer  : Tomcat started on port(s): 7073 (http) with context path ''
2021-01-22 20:11:32.247  INFO 18548 --- [main] c.h.a.A.AirportManagerServiceApplication : Started AirportManagerServiceApplication in 13.814 seconds (JVM running for 14.572)
2021-01-22 20:12:59.694  INFO 18548 --- [http-nio-7073-exec-1] o.a.c.c.C.[Tomcat].[localhost].[/]       : Initializing Spring DispatcherServlet 'dispatcherServlet'
2021-01-22 20:12:59.694  INFO 18548 --- [http-nio-7073-exec-1] o.s.web.servlet.DispatcherServlet        : Initializing Servlet 'dispatcherServlet'
2021-01-22 20:12:59.703  INFO 18548 --- [http-nio-7073-exec-1] o.s.web.servlet.DispatcherServlet        : Completed initialization in 8 ms
2021-01-22 20:12:59.776  INFO 18548 --- [http-nio-7073-exec-1] c.h.a.A.controller.ManagerController     : Entered into getAllManagerDetails() method of ManageController class
2021-01-22 20:12:59.776  INFO 18548 --- [http-nio-7073-exec-1] c.h.a.A.service.ManagerServiceImpl       : Entered in to getAllManagerDetails() method ManageServiceImpl
2021-01-22 20:13:00.475  INFO 18548 --- [http-nio-7073-exec-1] c.h.a.A.controller.ManagerController     : There is atleast one manager entity in the database
2021-01-22 20:13:00.483  INFO 18548 --- [http-nio-7073-exec-1] c.h.a.A.service.ManagerServiceImpl       : Entered in to getAllManagerDetails() method ManageServiceImpl
2021-01-22 20:15:23.580  INFO 18548 --- [http-nio-7073-exec-3] c.h.a.A.controller.ManagerController     : Entered into getAllManagerDetails() method of ManageController class
2021-01-22 20:15:23.581  INFO 18548 --- [http-nio-7073-exec-3] c.h.a.A.service.ManagerServiceImpl       : Entered in to getAllManagerDetails() method ManageServiceImpl
2021-01-22 20:15:23.590  INFO 18548 --- [http-nio-7073-exec-3] c.h.a.A.controller.ManagerController     : There is atleast one manager entity in the database
2021-01-22 20:15:23.591  INFO 18548 --- [http-nio-7073-exec-3] c.h.a.A.service.ManagerServiceImpl       : Entered in to getAllManagerDetails() method ManageServiceImpl
2021-01-22 20:15:53.167  INFO 18548 --- [http-nio-7073-exec-4] c.h.a.A.controller.ManagerController     : Entered into getAllManagerDetails() method of ManageController class
2021-01-22 20:15:53.167  INFO 18548 --- [http-nio-7073-exec-4] c.h.a.A.service.ManagerServiceImpl       : Entered in to getAllManagerDetails() method ManageServiceImpl
2021-01-22 20:15:53.173  INFO 18548 --- [http-nio-7073-exec-4] c.h.a.A.controller.ManagerController     : There is atleast one manager entity in the database
2021-01-22 20:15:53.174  INFO 18548 --- [http-nio-7073-exec-4] c.h.a.A.service.ManagerServiceImpl       : Entered in to getAllManagerDetails() method ManageServiceImpl
2021-01-22 20:17:39.450  INFO 18548 --- [http-nio-7073-exec-6] c.h.a.A.controller.ManagerController     : Entered into getAllManagerDetails() method of ManageController class
2021-01-22 20:17:39.451  INFO 18548 --- [http-nio-7073-exec-6] c.h.a.A.service.ManagerServiceImpl       : Entered in to getAllManagerDetails() method ManageServiceImpl
2021-01-22 20:17:39.456  INFO 18548 --- [http-nio-7073-exec-6] c.h.a.A.controller.ManagerController     : There is atleast one manager entity in the database
2021-01-22 20:17:39.456  INFO 18548 --- [http-nio-7073-exec-6] c.h.a.A.service.ManagerServiceImpl       : Entered in to getAllManagerDetails() method ManageServiceImpl
2021-01-22 20:17:48.503  INFO 18548 --- [http-nio-7073-exec-8] c.h.a.A.controller.ManagerController     : Entered into getAllManagerDetails() method of ManageController class
2021-01-22 20:17:48.503  INFO 18548 --- [http-nio-7073-exec-8] c.h.a.A.service.ManagerServiceImpl       : Entered in to getAllManagerDetails() method ManageServiceImpl
2021-01-22 20:17:48.518  INFO 18548 --- [http-nio-7073-exec-8] c.h.a.A.controller.ManagerController     : There is atleast one manager entity in the database
2021-01-22 20:17:48.519  INFO 18548 --- [http-nio-7073-exec-8] c.h.a.A.service.ManagerServiceImpl       : Entered in to getAllManagerDetails() method ManageServiceImpl
2021-01-22 20:18:07.559  INFO 18548 --- [http-nio-7073-exec-9] c.h.a.A.controller.ManagerController     : Entered into getAllManagerDetails() method of ManageController class
2021-01-22 20:18:07.560  INFO 18548 --- [http-nio-7073-exec-9] c.h.a.A.service.ManagerServiceImpl       : Entered in to getAllManagerDetails() method ManageServiceImpl
2021-01-22 20:18:07.565  INFO 18548 --- [http-nio-7073-exec-9] c.h.a.A.controller.ManagerController     : There is atleast one manager entity in the database
2021-01-22 20:18:07.566  INFO 18548 --- [http-nio-7073-exec-9] c.h.a.A.service.ManagerServiceImpl       : Entered in to getAllManagerDetails() method ManageServiceImpl
2021-01-22 20:19:16.630  INFO 18548 --- [http-nio-7073-exec-7] c.h.a.A.controller.ManagerController     : Entered into getAllManagerDetails() method of ManageController class
2021-01-22 20:19:16.631  INFO 18548 --- [http-nio-7073-exec-7] c.h.a.A.service.ManagerServiceImpl       : Entered in to getAllManagerDetails() method ManageServiceImpl
2021-01-22 20:19:16.636  INFO 18548 --- [http-nio-7073-exec-7] c.h.a.A.controller.ManagerController     : There is atleast one manager entity in the database
2021-01-22 20:19:16.637  INFO 18548 --- [http-nio-7073-exec-7] c.h.a.A.service.ManagerServiceImpl       : Entered in to getAllManagerDetails() method ManageServiceImpl
2021-01-22 20:20:08.601  INFO 18548 --- [http-nio-7073-exec-1] c.h.a.A.controller.ManagerController     : Entered into getAllManagerDetails() method of ManageController class
2021-01-22 20:20:08.603  INFO 18548 --- [http-nio-7073-exec-1] c.h.a.A.service.ManagerServiceImpl       : Entered in to getAllManagerDetails() method ManageServiceImpl
2021-01-22 20:20:08.609  INFO 18548 --- [http-nio-7073-exec-1] c.h.a.A.controller.ManagerController     : There is atleast one manager entity in the database
2021-01-22 20:20:08.609  INFO 18548 --- [http-nio-7073-exec-1] c.h.a.A.service.ManagerServiceImpl       : Entered in to getAllManagerDetails() method ManageServiceImpl
2021-01-22 20:21:07.920  INFO 18548 --- [http-nio-7073-exec-2] c.h.a.A.controller.ManagerController     : Entered into getAllManagerDetails() method of ManageController class
2021-01-22 20:21:07.921  INFO 18548 --- [http-nio-7073-exec-2] c.h.a.A.service.ManagerServiceImpl       : Entered in to getAllManagerDetails() method ManageServiceImpl
2021-01-22 20:21:07.930  INFO 18548 --- [http-nio-7073-exec-2] c.h.a.A.controller.ManagerController     : There is atleast one manager entity in the database
2021-01-22 20:21:07.931  INFO 18548 --- [http-nio-7073-exec-2] c.h.a.A.service.ManagerServiceImpl       : Entered in to getAllManagerDetails() method ManageServiceImpl
2021-01-22 20:21:09.960  INFO 18548 --- [http-nio-7073-exec-3] c.h.a.A.controller.ManagerController     : Entered into getAllManagerDetails() method of ManageController class
2021-01-22 20:21:09.963  INFO 18548 --- [http-nio-7073-exec-3] c.h.a.A.service.ManagerServiceImpl       : Entered in to getAllManagerDetails() method ManageServiceImpl
2021-01-22 20:21:09.968  INFO 18548 --- [http-nio-7073-exec-3] c.h.a.A.controller.ManagerController     : There is atleast one manager entity in the database
2021-01-22 20:21:09.969  INFO 18548 --- [http-nio-7073-exec-3] c.h.a.A.service.ManagerServiceImpl       : Entered in to getAllManagerDetails() method ManageServiceImpl
2021-01-22 20:22:05.644  INFO 8580 --- [main] c.h.a.A.AirportManagerServiceApplication : Starting AirportManagerServiceApplication using Java 1.8.0_271 on DESKTOP-GV7K8NV with PID 8580 (C:\Users\Hi\Desktop\HCL\online_training_HCL\Mode2\SpringBootDemos\AirportManagerService\target\classes started by Hi in C:\Users\Hi\Desktop\HCL\online_training_HCL\Mode2\SpringBootDemos\AirportManagerService)
2021-01-22 20:22:05.652  INFO 8580 --- [main] c.h.a.A.AirportManagerServiceApplication : No active profile set, falling back to default profiles: default
2021-01-22 20:22:07.259  INFO 8580 --- [main] .s.d.r.c.RepositoryConfigurationDelegate : Bootstrapping Spring Data JPA repositories in DEFAULT mode.
2021-01-22 20:22:07.479  INFO 8580 --- [main] .s.d.r.c.RepositoryConfigurationDelegate : Finished Spring Data repository scanning in 192 ms. Found 1 JPA repository interfaces.
2021-01-22 20:22:09.836  INFO 8580 --- [main] o.s.b.w.embedded.tomcat.TomcatWebServer  : Tomcat initialized with port(s): 7073 (http)
2021-01-22 20:22:09.863  INFO 8580 --- [main] o.apache.catalina.core.StandardService   : Starting service [Tomcat]
2021-01-22 20:22:09.863  INFO 8580 --- [main] org.apache.catalina.core.StandardEngine  : Starting Servlet engine: [Apache Tomcat/9.0.41]
2021-01-22 20:22:09.865  INFO 8580 --- [main] o.a.catalina.core.AprLifecycleListener   : Loaded Apache Tomcat Native library [1.2.23] using APR version [1.7.0].
2021-01-22 20:22:09.866  INFO 8580 --- [main] o.a.catalina.core.AprLifecycleListener   : APR capabilities: IPv6 [true], sendfile [true], accept filters [false], random [true].
2021-01-22 20:22:09.866  INFO 8580 --- [main] o.a.catalina.core.AprLifecycleListener   : APR/OpenSSL configuration: useAprConnector [false], useOpenSSL [true]
2021-01-22 20:22:09.874  INFO 8580 --- [main] o.a.catalina.core.AprLifecycleListener   : OpenSSL successfully initialized [OpenSSL 1.1.1c  28 May 2019]
2021-01-22 20:22:10.190  INFO 8580 --- [main] o.a.c.c.C.[Tomcat].[localhost].[/]       : Initializing Spring embedded WebApplicationContext
2021-01-22 20:22:10.191  INFO 8580 --- [main] w.s.c.ServletWebServerApplicationContext : Root WebApplicationContext: initialization completed in 4418 ms
2021-01-22 20:22:11.170  INFO 8580 --- [main] o.hibernate.jpa.internal.util.LogHelper  : HHH000204: Processing PersistenceUnitInfo [name: default]
2021-01-22 20:22:11.407  INFO 8580 --- [main] org.hibernate.Version                    : HHH000412: Hibernate ORM core version 5.4.27.Final
2021-01-22 20:22:12.065  INFO 8580 --- [main] o.hibernate.annotations.common.Version   : HCANN000001: Hibernate Commons Annotations {5.1.2.Final}
2021-01-22 20:22:13.084  INFO 8580 --- [main] com.zaxxer.hikari.HikariDataSource       : HikariPool-1 - Starting...
2021-01-22 20:22:13.665  INFO 8580 --- [main] com.zaxxer.hikari.HikariDataSource       : HikariPool-1 - Start completed.
2021-01-22 20:22:13.737  INFO 8580 --- [main] org.hibernate.dialect.Dialect            : HHH000400: Using dialect: org.hibernate.dialect.MySQL5Dialect
2021-01-22 20:22:15.565  INFO 8580 --- [main] o.h.e.t.j.p.i.JtaPlatformInitiator       : HHH000490: Using JtaPlatform implementation: [org.hibernate.engine.transaction.jta.platform.internal.NoJtaPlatform]
2021-01-22 20:22:15.583  INFO 8580 --- [main] j.LocalContainerEntityManagerFactoryBean : Initialized JPA EntityManagerFactory for persistence unit 'default'
2021-01-22 20:22:17.198  WARN 8580 --- [main] JpaBaseConfiguration$JpaWebConfiguration : spring.jpa.open-in-view is enabled by default. Therefore, database queries may be performed during view rendering. Explicitly configure spring.jpa.open-in-view to disable this warning
2021-01-22 20:22:17.736  INFO 8580 --- [main] o.s.s.concurrent.ThreadPoolTaskExecutor  : Initializing ExecutorService 'applicationTaskExecutor'
2021-01-22 20:22:18.679  INFO 8580 --- [main] o.s.b.w.embedded.tomcat.TomcatWebServer  : Tomcat started on port(s): 7073 (http) with context path ''
2021-01-22 20:22:18.751  INFO 8580 --- [main] c.h.a.A.AirportManagerServiceApplication : Started AirportManagerServiceApplication in 14.226 seconds (JVM running for 14.942)
2021-01-22 20:23:27.965  INFO 8580 --- [http-nio-7073-exec-1] o.a.c.c.C.[Tomcat].[localhost].[/]       : Initializing Spring DispatcherServlet 'dispatcherServlet'
2021-01-22 20:23:27.966  INFO 8580 --- [http-nio-7073-exec-1] o.s.web.servlet.DispatcherServlet        : Initializing Servlet 'dispatcherServlet'
2021-01-22 20:23:27.968  INFO 8580 --- [http-nio-7073-exec-1] o.s.web.servlet.DispatcherServlet        : Completed initialization in 2 ms
2021-01-22 20:23:28.043  INFO 8580 --- [http-nio-7073-exec-1] c.h.a.A.controller.ManagerController     : Entered into getAllManagerDetails() method of ManageController class
2021-01-22 20:23:28.044  INFO 8580 --- [http-nio-7073-exec-1] c.h.a.A.service.ManagerServiceImpl       : Entered in to getAllManagerDetails() method ManageServiceImpl
2021-01-22 20:23:28.632  INFO 8580 --- [http-nio-7073-exec-1] c.h.a.A.controller.ManagerController     : There is atleast one manager entity in the database
2021-01-22 20:23:28.639  INFO 8580 --- [http-nio-7073-exec-1] c.h.a.A.service.ManagerServiceImpl       : Entered in to getAllManagerDetails() method ManageServiceImpl
2021-01-22 20:23:42.398  INFO 8580 --- [http-nio-7073-exec-2] c.h.a.A.controller.ManagerController     : Entered into getAllManagerDetails() method of ManageController class
2021-01-22 20:23:42.398  INFO 8580 --- [http-nio-7073-exec-2] c.h.a.A.service.ManagerServiceImpl       : Entered in to getAllManagerDetails() method ManageServiceImpl
2021-01-22 20:23:42.403  INFO 8580 --- [http-nio-7073-exec-2] c.h.a.A.controller.ManagerController     : There is atleast one manager entity in the database
2021-01-22 20:23:42.404  INFO 8580 --- [http-nio-7073-exec-2] c.h.a.A.service.ManagerServiceImpl       : Entered in to getAllManagerDetails() method ManageServiceImpl
2021-01-22 20:25:33.311  INFO 8580 --- [http-nio-7073-exec-4] c.h.a.A.controller.ManagerController     : Entered into getAllManagerDetails() method of ManageController class
2021-01-22 20:25:33.312  INFO 8580 --- [http-nio-7073-exec-4] c.h.a.A.service.ManagerServiceImpl       : Entered in to getAllManagerDetails() method ManageServiceImpl
2021-01-22 20:25:33.319  INFO 8580 --- [http-nio-7073-exec-4] c.h.a.A.controller.ManagerController     : There is atleast one manager entity in the database
2021-01-22 20:25:33.319  INFO 8580 --- [http-nio-7073-exec-4] c.h.a.A.service.ManagerServiceImpl       : Entered in to getAllManagerDetails() method ManageServiceImpl
2021-01-22 20:25:38.937  INFO 8580 --- [http-nio-7073-exec-5] c.h.a.A.controller.ManagerController     : Entered into getAllManagerDetails() method of ManageController class
2021-01-22 20:25:38.938  INFO 8580 --- [http-nio-7073-exec-5] c.h.a.A.service.ManagerServiceImpl       : Entered in to getAllManagerDetails() method ManageServiceImpl
2021-01-22 20:25:38.945  INFO 8580 --- [http-nio-7073-exec-5] c.h.a.A.controller.ManagerController     : There is atleast one manager entity in the database
2021-01-22 20:25:38.945  INFO 8580 --- [http-nio-7073-exec-5] c.h.a.A.service.ManagerServiceImpl       : Entered in to getAllManagerDetails() method ManageServiceImpl
2021-01-22 20:25:41.148  INFO 8580 --- [http-nio-7073-exec-6] c.h.a.A.controller.ManagerController     : Entered into getAllManagerDetails() method of ManageController class
2021-01-22 20:25:41.149  INFO 8580 --- [http-nio-7073-exec-6] c.h.a.A.service.ManagerServiceImpl       : Entered in to getAllManagerDetails() method ManageServiceImpl
2021-01-22 20:25:41.162  INFO 8580 --- [http-nio-7073-exec-6] c.h.a.A.controller.ManagerController     : There is atleast one manager entity in the database
2021-01-22 20:25:41.163  INFO 8580 --- [http-nio-7073-exec-6] c.h.a.A.service.ManagerServiceImpl       : Entered in to getAllManagerDetails() method ManageServiceImpl
2021-01-22 20:27:39.665  INFO 8580 --- [http-nio-7073-exec-8] c.h.a.A.controller.ManagerController     : Entered into getAllManagerDetails() method of ManageController class
2021-01-22 20:27:39.665  INFO 8580 --- [http-nio-7073-exec-8] c.h.a.A.service.ManagerServiceImpl       : Entered in to getAllManagerDetails() method ManageServiceImpl
2021-01-22 20:27:39.673  INFO 8580 --- [http-nio-7073-exec-8] c.h.a.A.controller.ManagerController     : There is atleast one manager entity in the database
2021-01-22 20:27:39.674  INFO 8580 --- [http-nio-7073-exec-8] c.h.a.A.service.ManagerServiceImpl       : Entered in to getAllManagerDetails() method ManageServiceImpl
2021-01-22 20:27:40.852  INFO 8580 --- [http-nio-7073-exec-9] c.h.a.A.controller.ManagerController     : Entered into getAllManagerDetails() method of ManageController class
2021-01-22 20:27:40.853  INFO 8580 --- [http-nio-7073-exec-9] c.h.a.A.service.ManagerServiceImpl       : Entered in to getAllManagerDetails() method ManageServiceImpl
2021-01-22 20:27:40.858  INFO 8580 --- [http-nio-7073-exec-9] c.h.a.A.controller.ManagerController     : There is atleast one manager entity in the database
2021-01-22 20:27:40.859  INFO 8580 --- [http-nio-7073-exec-9] c.h.a.A.service.ManagerServiceImpl       : Entered in to getAllManagerDetails() method ManageServiceImpl
2021-01-22 20:28:56.038  INFO 8580 --- [http-nio-7073-exec-1] c.h.a.A.controller.ManagerController     : Entered into getAllManagerDetails() method of ManageController class
2021-01-22 20:28:56.038  INFO 8580 --- [http-nio-7073-exec-1] c.h.a.A.service.ManagerServiceImpl       : Entered in to getAllManagerDetails() method ManageServiceImpl
2021-01-22 20:28:56.045  INFO 8580 --- [http-nio-7073-exec-1] c.h.a.A.controller.ManagerController     : There is atleast one manager entity in the database
2021-01-22 20:28:56.045  INFO 8580 --- [http-nio-7073-exec-1] c.h.a.A.service.ManagerServiceImpl       : Entered in to getAllManagerDetails() method ManageServiceImpl
2021-01-22 20:29:03.386  INFO 8580 --- [http-nio-7073-exec-2] c.h.a.A.controller.ManagerController     : Entered into getAllManagerDetails() method of ManageController class
2021-01-22 20:29:03.387  INFO 8580 --- [http-nio-7073-exec-2] c.h.a.A.service.ManagerServiceImpl       : Entered in to getAllManagerDetails() method ManageServiceImpl
2021-01-22 20:29:03.393  INFO 8580 --- [http-nio-7073-exec-2] c.h.a.A.controller.ManagerController     : There is atleast one manager entity in the database
2021-01-22 20:29:03.394  INFO 8580 --- [http-nio-7073-exec-2] c.h.a.A.service.ManagerServiceImpl       : Entered in to getAllManagerDetails() method ManageServiceImpl
2021-01-22 20:29:04.854  INFO 8580 --- [http-nio-7073-exec-3] c.h.a.A.controller.ManagerController     : Entered into getAllManagerDetails() method of ManageController class
2021-01-22 20:29:04.856  INFO 8580 --- [http-nio-7073-exec-3] c.h.a.A.service.ManagerServiceImpl       : Entered in to getAllManagerDetails() method ManageServiceImpl
2021-01-22 20:29:04.861  INFO 8580 --- [http-nio-7073-exec-3] c.h.a.A.controller.ManagerController     : There is atleast one manager entity in the database
2021-01-22 20:29:04.861  INFO 8580 --- [http-nio-7073-exec-3] c.h.a.A.service.ManagerServiceImpl       : Entered in to getAllManagerDetails() method ManageServiceImpl
2021-01-22 20:29:32.996  INFO 8580 --- [http-nio-7073-exec-4] c.h.a.A.controller.ManagerController     : Entered into getAllManagerDetails() method of ManageController class
2021-01-22 20:29:32.996  INFO 8580 --- [http-nio-7073-exec-4] c.h.a.A.service.ManagerServiceImpl       : Entered in to getAllManagerDetails() method ManageServiceImpl
2021-01-22 20:29:33.001  INFO 8580 --- [http-nio-7073-exec-4] c.h.a.A.controller.ManagerController     : There is atleast one manager entity in the database
2021-01-22 20:29:33.001  INFO 8580 --- [http-nio-7073-exec-4] c.h.a.A.service.ManagerServiceImpl       : Entered in to getAllManagerDetails() method ManageServiceImpl
2021-01-22 20:29:35.524  INFO 8580 --- [http-nio-7073-exec-5] c.h.a.A.controller.ManagerController     : Entered into getAllManagerDetails() method of ManageController class
2021-01-22 20:29:35.524  INFO 8580 --- [http-nio-7073-exec-5] c.h.a.A.service.ManagerServiceImpl       : Entered in to getAllManagerDetails() method ManageServiceImpl
2021-01-22 20:29:35.530  INFO 8580 --- [http-nio-7073-exec-5] c.h.a.A.controller.ManagerController     : There is atleast one manager entity in the database
2021-01-22 20:29:35.531  INFO 8580 --- [http-nio-7073-exec-5] c.h.a.A.service.ManagerServiceImpl       : Entered in to getAllManagerDetails() method ManageServiceImpl
2021-01-22 20:31:03.918  INFO 8580 --- [http-nio-7073-exec-6] c.h.a.A.controller.ManagerController     : Entered into getAllManagerDetails() method of ManageController class
2021-01-22 20:31:03.919  INFO 8580 --- [http-nio-7073-exec-6] c.h.a.A.service.ManagerServiceImpl       : Entered in to getAllManagerDetails() method ManageServiceImpl
2021-01-22 20:31:03.925  INFO 8580 --- [http-nio-7073-exec-6] c.h.a.A.controller.ManagerController     : There is atleast one manager entity in the database
2021-01-22 20:31:03.925  INFO 8580 --- [http-nio-7073-exec-6] c.h.a.A.service.ManagerServiceImpl       : Entered in to getAllManagerDetails() method ManageServiceImpl
2021-01-22 20:31:40.064  INFO 8580 --- [http-nio-7073-exec-7] c.h.a.A.controller.ManagerController     : Entered into getAllManagerDetails() method of ManageController class
2021-01-22 20:31:40.065  INFO 8580 --- [http-nio-7073-exec-7] c.h.a.A.service.ManagerServiceImpl       : Entered in to getAllManagerDetails() method ManageServiceImpl
2021-01-22 20:31:40.071  INFO 8580 --- [http-nio-7073-exec-7] c.h.a.A.controller.ManagerController     : There is atleast one manager entity in the database
2021-01-22 20:31:40.072  INFO 8580 --- [http-nio-7073-exec-7] c.h.a.A.service.ManagerServiceImpl       : Entered in to getAllManagerDetails() method ManageServiceImpl
2021-01-22 20:50:02.859  INFO 5864 --- [main] c.h.a.A.AirportManagerServiceApplication : Starting AirportManagerServiceApplication using Java 1.8.0_271 on DESKTOP-GV7K8NV with PID 5864 (C:\Users\Hi\Desktop\HCL\online_training_HCL\Mode2\SpringBootDemos\AirportManagerService\target\classes started by Hi in C:\Users\Hi\Desktop\HCL\online_training_HCL\Mode2\SpringBootDemos\AirportManagerService)
2021-01-22 20:50:02.864  INFO 5864 --- [main] c.h.a.A.AirportManagerServiceApplication : No active profile set, falling back to default profiles: default
2021-01-22 20:50:04.361  INFO 5864 --- [main] .s.d.r.c.RepositoryConfigurationDelegate : Bootstrapping Spring Data JPA repositories in DEFAULT mode.
2021-01-22 20:50:04.490  INFO 5864 --- [main] .s.d.r.c.RepositoryConfigurationDelegate : Finished Spring Data repository scanning in 111 ms. Found 1 JPA repository interfaces.
2021-01-22 20:50:06.041  INFO 5864 --- [main] o.s.b.w.embedded.tomcat.TomcatWebServer  : Tomcat initialized with port(s): 7073 (http)
2021-01-22 20:50:06.076  INFO 5864 --- [main] o.apache.catalina.core.StandardService   : Starting service [Tomcat]
2021-01-22 20:50:06.080  INFO 5864 --- [main] org.apache.catalina.core.StandardEngine  : Starting Servlet engine: [Apache Tomcat/9.0.41]
2021-01-22 20:50:06.084  INFO 5864 --- [main] o.a.catalina.core.AprLifecycleListener   : Loaded Apache Tomcat Native library [1.2.23] using APR version [1.7.0].
2021-01-22 20:50:06.085  INFO 5864 --- [main] o.a.catalina.core.AprLifecycleListener   : APR capabilities: IPv6 [true], sendfile [true], accept filters [false], random [true].
2021-01-22 20:50:06.086  INFO 5864 --- [main] o.a.catalina.core.AprLifecycleListener   : APR/OpenSSL configuration: useAprConnector [false], useOpenSSL [true]
2021-01-22 20:50:06.112  INFO 5864 --- [main] o.a.catalina.core.AprLifecycleListener   : OpenSSL successfully initialized [OpenSSL 1.1.1c  28 May 2019]
2021-01-22 20:50:06.424  INFO 5864 --- [main] o.a.c.c.C.[Tomcat].[localhost].[/]       : Initializing Spring embedded WebApplicationContext
2021-01-22 20:50:06.425  INFO 5864 --- [main] w.s.c.ServletWebServerApplicationContext : Root WebApplicationContext: initialization completed in 3441 ms
2021-01-22 20:50:07.235  INFO 5864 --- [main] o.hibernate.jpa.internal.util.LogHelper  : HHH000204: Processing PersistenceUnitInfo [name: default]
2021-01-22 20:50:07.517  INFO 5864 --- [main] org.hibernate.Version                    : HHH000412: Hibernate ORM core version 5.4.27.Final
2021-01-22 20:50:07.889  INFO 5864 --- [main] o.hibernate.annotations.common.Version   : HCANN000001: Hibernate Commons Annotations {5.1.2.Final}
2021-01-22 20:50:08.236  INFO 5864 --- [main] com.zaxxer.hikari.HikariDataSource       : HikariPool-1 - Starting...
2021-01-22 20:50:08.698  INFO 5864 --- [main] com.zaxxer.hikari.HikariDataSource       : HikariPool-1 - Start completed.
2021-01-22 20:50:08.731  INFO 5864 --- [main] org.hibernate.dialect.Dialect            : HHH000400: Using dialect: org.hibernate.dialect.MySQL5Dialect
2021-01-22 20:50:10.904  INFO 5864 --- [main] o.h.e.t.j.p.i.JtaPlatformInitiator       : HHH000490: Using JtaPlatform implementation: [org.hibernate.engine.transaction.jta.platform.internal.NoJtaPlatform]
2021-01-22 20:50:10.919  INFO 5864 --- [main] j.LocalContainerEntityManagerFactoryBean : Initialized JPA EntityManagerFactory for persistence unit 'default'
2021-01-22 20:50:12.019  WARN 5864 --- [main] JpaBaseConfiguration$JpaWebConfiguration : spring.jpa.open-in-view is enabled by default. Therefore, database queries may be performed during view rendering. Explicitly configure spring.jpa.open-in-view to disable this warning
2021-01-22 20:50:12.347  INFO 5864 --- [main] o.s.s.concurrent.ThreadPoolTaskExecutor  : Initializing ExecutorService 'applicationTaskExecutor'
2021-01-22 20:50:13.112  INFO 5864 --- [main] o.s.b.w.embedded.tomcat.TomcatWebServer  : Tomcat started on port(s): 7073 (http) with context path ''
2021-01-22 20:50:13.135  INFO 5864 --- [main] c.h.a.A.AirportManagerServiceApplication : Started AirportManagerServiceApplication in 11.19 seconds (JVM running for 12.006)
2021-01-22 20:51:06.928  INFO 5864 --- [http-nio-7073-exec-1] o.a.c.c.C.[Tomcat].[localhost].[/]       : Initializing Spring DispatcherServlet 'dispatcherServlet'
2021-01-22 20:51:06.929  INFO 5864 --- [http-nio-7073-exec-1] o.s.web.servlet.DispatcherServlet        : Initializing Servlet 'dispatcherServlet'
2021-01-22 20:51:06.932  INFO 5864 --- [http-nio-7073-exec-1] o.s.web.servlet.DispatcherServlet        : Completed initialization in 3 ms
2021-01-22 20:51:07.033  INFO 5864 --- [http-nio-7073-exec-1] c.h.a.A.controller.ManagerController     : Entered into getAllManagerDetails() method of ManageController class
2021-01-22 20:51:07.034  INFO 5864 --- [http-nio-7073-exec-1] c.h.a.A.service.ManagerServiceImpl       : Entered in to getAllManagerDetails() method ManageServiceImpl
2021-01-22 20:51:07.495  INFO 5864 --- [http-nio-7073-exec-1] c.h.a.A.controller.ManagerController     : There is atleast one manager entity in the database
2021-01-22 20:51:07.503  INFO 5864 --- [http-nio-7073-exec-1] c.h.a.A.service.ManagerServiceImpl       : Entered in to getAllManagerDetails() method ManageServiceImpl
2021-01-22 20:52:23.130  INFO 5864 --- [http-nio-7073-exec-3] c.h.a.A.controller.ManagerController     : Entered into getAllManagerDetails() method of ManageController class
2021-01-22 20:52:23.131  INFO 5864 --- [http-nio-7073-exec-3] c.h.a.A.service.ManagerServiceImpl       : Entered in to getAllManagerDetails() method ManageServiceImpl
2021-01-22 20:52:23.143  INFO 5864 --- [http-nio-7073-exec-3] c.h.a.A.controller.ManagerController     : There is atleast one manager entity in the database
2021-01-22 20:52:23.143  INFO 5864 --- [http-nio-7073-exec-3] c.h.a.A.service.ManagerServiceImpl       : Entered in to getAllManagerDetails() method ManageServiceImpl
2021-01-22 20:52:24.629  INFO 5864 --- [http-nio-7073-exec-4] c.h.a.A.controller.ManagerController     : Entered into getAllManagerDetails() method of ManageController class
2021-01-22 20:52:24.630  INFO 5864 --- [http-nio-7073-exec-4] c.h.a.A.service.ManagerServiceImpl       : Entered in to getAllManagerDetails() method ManageServiceImpl
2021-01-22 20:52:24.635  INFO 5864 --- [http-nio-7073-exec-4] c.h.a.A.controller.ManagerController     : There is atleast one manager entity in the database
2021-01-22 20:52:24.636  INFO 5864 --- [http-nio-7073-exec-4] c.h.a.A.service.ManagerServiceImpl       : Entered in to getAllManagerDetails() method ManageServiceImpl
2021-01-22 20:52:24.761  INFO 5864 --- [http-nio-7073-exec-5] c.h.a.A.controller.ManagerController     : Entered in to approveManager() method of ManageController class
2021-01-22 20:52:24.761  INFO 5864 --- [http-nio-7073-exec-5] c.h.a.A.service.ManagerServiceImpl       : Entered in to approveManager method of ManagerServiceImpl class
2021-01-22 20:52:32.612  INFO 5864 --- [http-nio-7073-exec-6] c.h.a.A.controller.ManagerController     : Entered into getAllManagerDetails() method of ManageController class
2021-01-22 20:52:32.613  INFO 5864 --- [http-nio-7073-exec-6] c.h.a.A.service.ManagerServiceImpl       : Entered in to getAllManagerDetails() method ManageServiceImpl
2021-01-22 20:52:32.618  INFO 5864 --- [http-nio-7073-exec-6] c.h.a.A.controller.ManagerController     : There is atleast one manager entity in the database
2021-01-22 20:52:32.619  INFO 5864 --- [http-nio-7073-exec-6] c.h.a.A.service.ManagerServiceImpl       : Entered in to getAllManagerDetails() method ManageServiceImpl
2021-01-22 20:52:41.570  INFO 5864 --- [http-nio-7073-exec-7] c.h.a.A.controller.ManagerController     : Entered into getAllManagerDetails() method of ManageController class
2021-01-22 20:52:41.571  INFO 5864 --- [http-nio-7073-exec-7] c.h.a.A.service.ManagerServiceImpl       : Entered in to getAllManagerDetails() method ManageServiceImpl
2021-01-22 20:52:41.576  INFO 5864 --- [http-nio-7073-exec-8] c.h.a.A.controller.ManagerController     : Entered in to approveManager() method of ManageController class
2021-01-22 20:52:41.577  INFO 5864 --- [http-nio-7073-exec-7] c.h.a.A.controller.ManagerController     : There is atleast one manager entity in the database
2021-01-22 20:52:41.578  INFO 5864 --- [http-nio-7073-exec-7] c.h.a.A.service.ManagerServiceImpl       : Entered in to getAllManagerDetails() method ManageServiceImpl
2021-01-22 20:52:41.577  INFO 5864 --- [http-nio-7073-exec-8] c.h.a.A.service.ManagerServiceImpl       : Entered in to approveManager method of ManagerServiceImpl class
2021-01-22 20:52:45.946  INFO 5864 --- [http-nio-7073-exec-9] c.h.a.A.controller.ManagerController     : Entered in to approveManager() method of ManageController class
2021-01-22 20:52:45.946  INFO 5864 --- [http-nio-7073-exec-9] c.h.a.A.service.ManagerServiceImpl       : Entered in to approveManager method of ManagerServiceImpl class
2021-01-22 20:52:45.966  INFO 5864 --- [http-nio-7073-exec-10] c.h.a.A.controller.ManagerController     : Entered into getAllManagerDetails() method of ManageController class
2021-01-22 20:52:45.966  INFO 5864 --- [http-nio-7073-exec-10] c.h.a.A.service.ManagerServiceImpl       : Entered in to getAllManagerDetails() method ManageServiceImpl
2021-01-22 20:52:45.971  INFO 5864 --- [http-nio-7073-exec-10] c.h.a.A.controller.ManagerController     : There is atleast one manager entity in the database
2021-01-22 20:52:45.971  INFO 5864 --- [http-nio-7073-exec-10] c.h.a.A.service.ManagerServiceImpl       : Entered in to getAllManagerDetails() method ManageServiceImpl
