2021-01-22 11:12:13.686  INFO 8196 --- [main] c.h.a.A.AirportHangarServiceApplication  : Starting AirportHangarServiceApplication using Java 1.8.0_271 on DESKTOP-GV7K8NV with PID 8196 (C:\Users\Hi\Desktop\HCL\online_training_HCL\Mode2\SpringBootDemos\AirportHangarService\target\classes started by Hi in C:\Users\Hi\Desktop\HCL\online_training_HCL\Mode2\SpringBootDemos\AirportHangarService)
2021-01-22 11:12:13.708  INFO 8196 --- [main] c.h.a.A.AirportHangarServiceApplication  : No active profile set, falling back to default profiles: default
2021-01-22 11:12:15.821  INFO 8196 --- [main] .s.d.r.c.RepositoryConfigurationDelegate : Bootstrapping Spring Data JPA repositories in DEFAULT mode.
2021-01-22 11:12:16.040  INFO 8196 --- [main] .s.d.r.c.RepositoryConfigurationDelegate : Finished Spring Data repository scanning in 195 ms. Found 1 JPA repository interfaces.
2021-01-22 11:12:19.169  INFO 8196 --- [main] o.s.b.w.embedded.tomcat.TomcatWebServer  : Tomcat initialized with port(s): 7072 (http)
2021-01-22 11:12:19.192  INFO 8196 --- [main] o.apache.catalina.core.StandardService   : Starting service [Tomcat]
2021-01-22 11:12:19.192  INFO 8196 --- [main] org.apache.catalina.core.StandardEngine  : Starting Servlet engine: [Apache Tomcat/9.0.41]
2021-01-22 11:12:19.195  INFO 8196 --- [main] o.a.catalina.core.AprLifecycleListener   : Loaded Apache Tomcat Native library [1.2.23] using APR version [1.7.0].
2021-01-22 11:12:19.195  INFO 8196 --- [main] o.a.catalina.core.AprLifecycleListener   : APR capabilities: IPv6 [true], sendfile [true], accept filters [false], random [true].
2021-01-22 11:12:19.196  INFO 8196 --- [main] o.a.catalina.core.AprLifecycleListener   : APR/OpenSSL configuration: useAprConnector [false], useOpenSSL [true]
2021-01-22 11:12:19.200  INFO 8196 --- [main] o.a.catalina.core.AprLifecycleListener   : OpenSSL successfully initialized [OpenSSL 1.1.1c  28 May 2019]
2021-01-22 11:12:19.392  INFO 8196 --- [main] o.a.c.c.C.[Tomcat].[localhost].[/]       : Initializing Spring embedded WebApplicationContext
2021-01-22 11:12:19.393  INFO 8196 --- [main] w.s.c.ServletWebServerApplicationContext : Root WebApplicationContext: initialization completed in 5497 ms
2021-01-22 11:12:19.987  INFO 8196 --- [main] o.hibernate.jpa.internal.util.LogHelper  : HHH000204: Processing PersistenceUnitInfo [name: default]
2021-01-22 11:12:20.114  INFO 8196 --- [main] org.hibernate.Version                    : HHH000412: Hibernate ORM core version 5.4.27.Final
2021-01-22 11:12:20.452  INFO 8196 --- [main] o.hibernate.annotations.common.Version   : HCANN000001: Hibernate Commons Annotations {5.1.2.Final}
2021-01-22 11:12:20.798  INFO 8196 --- [main] com.zaxxer.hikari.HikariDataSource       : HikariPool-1 - Starting...
2021-01-22 11:12:21.365  INFO 8196 --- [main] com.zaxxer.hikari.HikariDataSource       : HikariPool-1 - Start completed.
2021-01-22 11:12:21.403  INFO 8196 --- [main] org.hibernate.dialect.Dialect            : HHH000400: Using dialect: org.hibernate.dialect.MySQL5Dialect
2021-01-22 11:12:23.144  INFO 8196 --- [main] o.h.e.t.j.p.i.JtaPlatformInitiator       : HHH000490: Using JtaPlatform implementation: [org.hibernate.engine.transaction.jta.platform.internal.NoJtaPlatform]
2021-01-22 11:12:23.168  INFO 8196 --- [main] j.LocalContainerEntityManagerFactoryBean : Initialized JPA EntityManagerFactory for persistence unit 'default'
2021-01-22 11:12:24.969  WARN 8196 --- [main] JpaBaseConfiguration$JpaWebConfiguration : spring.jpa.open-in-view is enabled by default. Therefore, database queries may be performed during view rendering. Explicitly configure spring.jpa.open-in-view to disable this warning
2021-01-22 11:12:25.661  INFO 8196 --- [main] o.s.s.concurrent.ThreadPoolTaskExecutor  : Initializing ExecutorService 'applicationTaskExecutor'
2021-01-22 11:12:26.750  INFO 8196 --- [main] o.s.b.w.embedded.tomcat.TomcatWebServer  : Tomcat started on port(s): 7072 (http) with context path ''
2021-01-22 11:12:26.770  INFO 8196 --- [main] c.h.a.A.AirportHangarServiceApplication  : Started AirportHangarServiceApplication in 14.028 seconds (JVM running for 14.846)
2021-01-22 11:17:48.138  INFO 8196 --- [http-nio-7072-exec-1] o.a.c.c.C.[Tomcat].[localhost].[/]       : Initializing Spring DispatcherServlet 'dispatcherServlet'
2021-01-22 11:17:48.884  INFO 8196 --- [http-nio-7072-exec-1] o.s.web.servlet.DispatcherServlet        : Initializing Servlet 'dispatcherServlet'
2021-01-22 11:17:48.888  INFO 8196 --- [http-nio-7072-exec-1] o.s.web.servlet.DispatcherServlet        : Completed initialization in 4 ms
2021-01-22 11:17:49.048  INFO 8196 --- [http-nio-7072-exec-1] c.h.a.A.controller.HangarController      : Entered in to getAllHangarDetails() method of HangarController class
2021-01-22 11:17:49.048  INFO 8196 --- [http-nio-7072-exec-1] c.h.a.A.service.HangarServiceImpl        : Enterd into getAllHangarDetails() method of HangarServiceImpl class
2021-01-22 11:17:50.285  INFO 8196 --- [http-nio-7072-exec-1] c.h.a.A.controller.HangarController      : There is atleast one hangar entity in the database
2021-01-22 11:17:50.293  INFO 8196 --- [http-nio-7072-exec-1] c.h.a.A.service.HangarServiceImpl        : Enterd into getAllHangarDetails() method of HangarServiceImpl class
2021-01-22 15:53:32.805  INFO 12184 --- [main] c.h.a.A.AirportHangarServiceApplication  : Starting AirportHangarServiceApplication using Java 1.8.0_271 on DESKTOP-GV7K8NV with PID 12184 (C:\Users\Hi\Desktop\HCL\online_training_HCL\Mode2\SpringBootDemos\AirportHangarService\target\classes started by Hi in C:\Users\Hi\Desktop\HCL\online_training_HCL\Mode2\SpringBootDemos\AirportHangarService)
2021-01-22 15:53:33.022  INFO 12184 --- [main] c.h.a.A.AirportHangarServiceApplication  : No active profile set, falling back to default profiles: default
2021-01-22 15:53:34.434  INFO 12184 --- [main] .s.d.r.c.RepositoryConfigurationDelegate : Bootstrapping Spring Data JPA repositories in DEFAULT mode.
2021-01-22 15:53:34.562  INFO 12184 --- [main] .s.d.r.c.RepositoryConfigurationDelegate : Finished Spring Data repository scanning in 107 ms. Found 1 JPA repository interfaces.
2021-01-22 15:53:36.037  INFO 12184 --- [main] o.s.b.w.embedded.tomcat.TomcatWebServer  : Tomcat initialized with port(s): 7072 (http)
2021-01-22 15:53:36.057  INFO 12184 --- [main] o.apache.catalina.core.StandardService   : Starting service [Tomcat]
2021-01-22 15:53:36.058  INFO 12184 --- [main] org.apache.catalina.core.StandardEngine  : Starting Servlet engine: [Apache Tomcat/9.0.41]
2021-01-22 15:53:36.060  INFO 12184 --- [main] o.a.catalina.core.AprLifecycleListener   : Loaded Apache Tomcat Native library [1.2.23] using APR version [1.7.0].
2021-01-22 15:53:36.060  INFO 12184 --- [main] o.a.catalina.core.AprLifecycleListener   : APR capabilities: IPv6 [true], sendfile [true], accept filters [false], random [true].
2021-01-22 15:53:36.060  INFO 12184 --- [main] o.a.catalina.core.AprLifecycleListener   : APR/OpenSSL configuration: useAprConnector [false], useOpenSSL [true]
2021-01-22 15:53:36.065  INFO 12184 --- [main] o.a.catalina.core.AprLifecycleListener   : OpenSSL successfully initialized [OpenSSL 1.1.1c  28 May 2019]
2021-01-22 15:53:36.217  INFO 12184 --- [main] o.a.c.c.C.[Tomcat].[localhost].[/]       : Initializing Spring embedded WebApplicationContext
2021-01-22 15:53:36.218  INFO 12184 --- [main] w.s.c.ServletWebServerApplicationContext : Root WebApplicationContext: initialization completed in 3082 ms
2021-01-22 15:53:36.760  INFO 12184 --- [main] o.hibernate.jpa.internal.util.LogHelper  : HHH000204: Processing PersistenceUnitInfo [name: default]
2021-01-22 15:53:36.976  INFO 12184 --- [main] org.hibernate.Version                    : HHH000412: Hibernate ORM core version 5.4.27.Final
2021-01-22 15:53:37.500  INFO 12184 --- [main] o.hibernate.annotations.common.Version   : HCANN000001: Hibernate Commons Annotations {5.1.2.Final}
2021-01-22 15:53:38.013  INFO 12184 --- [main] com.zaxxer.hikari.HikariDataSource       : HikariPool-1 - Starting...
2021-01-22 15:53:38.708  INFO 12184 --- [main] com.zaxxer.hikari.HikariDataSource       : HikariPool-1 - Start completed.
2021-01-22 15:53:38.788  INFO 12184 --- [main] org.hibernate.dialect.Dialect            : HHH000400: Using dialect: org.hibernate.dialect.MySQL5Dialect
2021-01-22 15:53:41.353  INFO 12184 --- [main] o.h.e.t.j.p.i.JtaPlatformInitiator       : HHH000490: Using JtaPlatform implementation: [org.hibernate.engine.transaction.jta.platform.internal.NoJtaPlatform]
2021-01-22 15:53:41.374  INFO 12184 --- [main] j.LocalContainerEntityManagerFactoryBean : Initialized JPA EntityManagerFactory for persistence unit 'default'
2021-01-22 15:53:42.429  WARN 12184 --- [main] JpaBaseConfiguration$JpaWebConfiguration : spring.jpa.open-in-view is enabled by default. Therefore, database queries may be performed during view rendering. Explicitly configure spring.jpa.open-in-view to disable this warning
2021-01-22 15:53:42.753  INFO 12184 --- [main] o.s.s.concurrent.ThreadPoolTaskExecutor  : Initializing ExecutorService 'applicationTaskExecutor'
2021-01-22 15:53:43.752  INFO 12184 --- [main] o.s.b.w.embedded.tomcat.TomcatWebServer  : Tomcat started on port(s): 7072 (http) with context path ''
2021-01-22 15:53:43.787  INFO 12184 --- [main] c.h.a.A.AirportHangarServiceApplication  : Started AirportHangarServiceApplication in 12.228 seconds (JVM running for 13.095)
2021-01-22 16:12:16.609  INFO 16256 --- [main] c.h.a.A.AirportHangarServiceApplication  : Starting AirportHangarServiceApplication using Java 1.8.0_271 on DESKTOP-GV7K8NV with PID 16256 (C:\Users\Hi\Desktop\HCL\online_training_HCL\Mode2\SpringBootDemos\AirportHangarService\target\classes started by Hi in C:\Users\Hi\Desktop\HCL\online_training_HCL\Mode2\SpringBootDemos\AirportHangarService)
2021-01-22 16:12:16.615  INFO 16256 --- [main] c.h.a.A.AirportHangarServiceApplication  : No active profile set, falling back to default profiles: default
2021-01-22 16:12:17.921  INFO 16256 --- [main] .s.d.r.c.RepositoryConfigurationDelegate : Bootstrapping Spring Data JPA repositories in DEFAULT mode.
2021-01-22 16:12:18.026  INFO 16256 --- [main] .s.d.r.c.RepositoryConfigurationDelegate : Finished Spring Data repository scanning in 89 ms. Found 1 JPA repository interfaces.
2021-01-22 16:12:20.240  INFO 16256 --- [main] o.s.b.w.embedded.tomcat.TomcatWebServer  : Tomcat initialized with port(s): 7072 (http)
2021-01-22 16:12:20.255  INFO 16256 --- [main] o.apache.catalina.core.StandardService   : Starting service [Tomcat]
2021-01-22 16:12:20.255  INFO 16256 --- [main] org.apache.catalina.core.StandardEngine  : Starting Servlet engine: [Apache Tomcat/9.0.41]
2021-01-22 16:12:20.257  INFO 16256 --- [main] o.a.catalina.core.AprLifecycleListener   : Loaded Apache Tomcat Native library [1.2.23] using APR version [1.7.0].
2021-01-22 16:12:20.258  INFO 16256 --- [main] o.a.catalina.core.AprLifecycleListener   : APR capabilities: IPv6 [true], sendfile [true], accept filters [false], random [true].
2021-01-22 16:12:20.258  INFO 16256 --- [main] o.a.catalina.core.AprLifecycleListener   : APR/OpenSSL configuration: useAprConnector [false], useOpenSSL [true]
2021-01-22 16:12:20.266  INFO 16256 --- [main] o.a.catalina.core.AprLifecycleListener   : OpenSSL successfully initialized [OpenSSL 1.1.1c  28 May 2019]
2021-01-22 16:12:20.439  INFO 16256 --- [main] o.a.c.c.C.[Tomcat].[localhost].[/]       : Initializing Spring embedded WebApplicationContext
2021-01-22 16:12:20.440  INFO 16256 --- [main] w.s.c.ServletWebServerApplicationContext : Root WebApplicationContext: initialization completed in 3720 ms
2021-01-22 16:12:21.045  INFO 16256 --- [main] o.hibernate.jpa.internal.util.LogHelper  : HHH000204: Processing PersistenceUnitInfo [name: default]
2021-01-22 16:12:21.232  INFO 16256 --- [main] org.hibernate.Version                    : HHH000412: Hibernate ORM core version 5.4.27.Final
2021-01-22 16:12:21.692  INFO 16256 --- [main] o.hibernate.annotations.common.Version   : HCANN000001: Hibernate Commons Annotations {5.1.2.Final}
2021-01-22 16:12:22.052  INFO 16256 --- [main] com.zaxxer.hikari.HikariDataSource       : HikariPool-1 - Starting...
2021-01-22 16:12:22.660  INFO 16256 --- [main] com.zaxxer.hikari.HikariDataSource       : HikariPool-1 - Start completed.
2021-01-22 16:12:22.695  INFO 16256 --- [main] org.hibernate.dialect.Dialect            : HHH000400: Using dialect: org.hibernate.dialect.MySQL5Dialect
2021-01-22 16:12:25.629  INFO 16256 --- [main] o.h.e.t.j.p.i.JtaPlatformInitiator       : HHH000490: Using JtaPlatform implementation: [org.hibernate.engine.transaction.jta.platform.internal.NoJtaPlatform]
2021-01-22 16:12:25.648  INFO 16256 --- [main] j.LocalContainerEntityManagerFactoryBean : Initialized JPA EntityManagerFactory for persistence unit 'default'
2021-01-22 16:12:26.313  WARN 16256 --- [main] JpaBaseConfiguration$JpaWebConfiguration : spring.jpa.open-in-view is enabled by default. Therefore, database queries may be performed during view rendering. Explicitly configure spring.jpa.open-in-view to disable this warning
2021-01-22 16:12:26.582  INFO 16256 --- [main] o.s.s.concurrent.ThreadPoolTaskExecutor  : Initializing ExecutorService 'applicationTaskExecutor'
2021-01-22 16:12:27.106  WARN 16256 --- [main] ConfigServletWebServerApplicationContext : Exception encountered during context initialization - cancelling refresh attempt: org.springframework.context.ApplicationContextException: Failed to start bean 'webServerStartStop'; nested exception is org.springframework.boot.web.server.PortInUseException: Port 7072 is already in use
2021-01-22 16:12:27.108  INFO 16256 --- [main] o.s.s.concurrent.ThreadPoolTaskExecutor  : Shutting down ExecutorService 'applicationTaskExecutor'
2021-01-22 16:12:27.109  INFO 16256 --- [main] j.LocalContainerEntityManagerFactoryBean : Closing JPA EntityManagerFactory for persistence unit 'default'
2021-01-22 16:12:27.112  INFO 16256 --- [main] com.zaxxer.hikari.HikariDataSource       : HikariPool-1 - Shutdown initiated...
2021-01-22 16:12:27.135  INFO 16256 --- [main] com.zaxxer.hikari.HikariDataSource       : HikariPool-1 - Shutdown completed.
2021-01-22 16:12:27.139  INFO 16256 --- [main] o.apache.catalina.core.StandardService   : Stopping service [Tomcat]
2021-01-22 16:12:27.222  INFO 16256 --- [main] ConditionEvaluationReportLoggingListener : 

Error starting ApplicationContext. To display the conditions report re-run your application with 'debug' enabled.
2021-01-22 16:12:27.297 ERROR 16256 --- [main] o.s.b.d.LoggingFailureAnalysisReporter   : 

***************************
APPLICATION FAILED TO START
***************************

Description:

Web server failed to start. Port 7072 was already in use.

Action:

Identify and stop the process that's listening on port 7072 or configure this application to listen on another port.

2021-01-22 16:13:08.314  INFO 15412 --- [main] c.h.a.A.AirportHangarServiceApplication  : Starting AirportHangarServiceApplication using Java 1.8.0_271 on DESKTOP-GV7K8NV with PID 15412 (C:\Users\Hi\Desktop\HCL\online_training_HCL\Mode2\SpringBootDemos\AirportHangarService\target\classes started by Hi in C:\Users\Hi\Desktop\HCL\online_training_HCL\Mode2\SpringBootDemos\AirportHangarService)
2021-01-22 16:13:08.325  INFO 15412 --- [main] c.h.a.A.AirportHangarServiceApplication  : No active profile set, falling back to default profiles: default
2021-01-22 16:13:10.086  INFO 15412 --- [main] .s.d.r.c.RepositoryConfigurationDelegate : Bootstrapping Spring Data JPA repositories in DEFAULT mode.
2021-01-22 16:13:10.187  INFO 15412 --- [main] .s.d.r.c.RepositoryConfigurationDelegate : Finished Spring Data repository scanning in 82 ms. Found 1 JPA repository interfaces.
2021-01-22 16:13:12.032  INFO 15412 --- [main] o.s.b.w.embedded.tomcat.TomcatWebServer  : Tomcat initialized with port(s): 7072 (http)
2021-01-22 16:13:12.050  INFO 15412 --- [main] o.apache.catalina.core.StandardService   : Starting service [Tomcat]
2021-01-22 16:13:12.051  INFO 15412 --- [main] org.apache.catalina.core.StandardEngine  : Starting Servlet engine: [Apache Tomcat/9.0.41]
2021-01-22 16:13:12.053  INFO 15412 --- [main] o.a.catalina.core.AprLifecycleListener   : Loaded Apache Tomcat Native library [1.2.23] using APR version [1.7.0].
2021-01-22 16:13:12.053  INFO 15412 --- [main] o.a.catalina.core.AprLifecycleListener   : APR capabilities: IPv6 [true], sendfile [true], accept filters [false], random [true].
2021-01-22 16:13:12.054  INFO 15412 --- [main] o.a.catalina.core.AprLifecycleListener   : APR/OpenSSL configuration: useAprConnector [false], useOpenSSL [true]
2021-01-22 16:13:12.062  INFO 15412 --- [main] o.a.catalina.core.AprLifecycleListener   : OpenSSL successfully initialized [OpenSSL 1.1.1c  28 May 2019]
2021-01-22 16:13:12.249  INFO 15412 --- [main] o.a.c.c.C.[Tomcat].[localhost].[/]       : Initializing Spring embedded WebApplicationContext
2021-01-22 16:13:12.256  INFO 15412 --- [main] w.s.c.ServletWebServerApplicationContext : Root WebApplicationContext: initialization completed in 3810 ms
2021-01-22 16:13:12.945  INFO 15412 --- [main] o.hibernate.jpa.internal.util.LogHelper  : HHH000204: Processing PersistenceUnitInfo [name: default]
2021-01-22 16:13:13.106  INFO 15412 --- [main] org.hibernate.Version                    : HHH000412: Hibernate ORM core version 5.4.27.Final
2021-01-22 16:13:13.492  INFO 15412 --- [main] o.hibernate.annotations.common.Version   : HCANN000001: Hibernate Commons Annotations {5.1.2.Final}
2021-01-22 16:13:13.816  INFO 15412 --- [main] com.zaxxer.hikari.HikariDataSource       : HikariPool-1 - Starting...
2021-01-22 16:13:14.355  INFO 15412 --- [main] com.zaxxer.hikari.HikariDataSource       : HikariPool-1 - Start completed.
2021-01-22 16:13:14.387  INFO 15412 --- [main] org.hibernate.dialect.Dialect            : HHH000400: Using dialect: org.hibernate.dialect.MySQL5Dialect
2021-01-22 16:13:16.071  INFO 15412 --- [main] o.h.e.t.j.p.i.JtaPlatformInitiator       : HHH000490: Using JtaPlatform implementation: [org.hibernate.engine.transaction.jta.platform.internal.NoJtaPlatform]
2021-01-22 16:13:16.086  INFO 15412 --- [main] j.LocalContainerEntityManagerFactoryBean : Initialized JPA EntityManagerFactory for persistence unit 'default'
2021-01-22 16:13:16.821  WARN 15412 --- [main] JpaBaseConfiguration$JpaWebConfiguration : spring.jpa.open-in-view is enabled by default. Therefore, database queries may be performed during view rendering. Explicitly configure spring.jpa.open-in-view to disable this warning
2021-01-22 16:13:17.114  INFO 15412 --- [main] o.s.s.concurrent.ThreadPoolTaskExecutor  : Initializing ExecutorService 'applicationTaskExecutor'
2021-01-22 16:13:17.728  INFO 15412 --- [main] o.s.b.w.embedded.tomcat.TomcatWebServer  : Tomcat started on port(s): 7072 (http) with context path ''
2021-01-22 16:13:17.784  INFO 15412 --- [main] c.h.a.A.AirportHangarServiceApplication  : Started AirportHangarServiceApplication in 10.313 seconds (JVM running for 11.049)
2021-01-22 16:20:54.761  INFO 15412 --- [http-nio-7072-exec-1] o.a.c.c.C.[Tomcat].[localhost].[/]       : Initializing Spring DispatcherServlet 'dispatcherServlet'
2021-01-22 16:20:54.762  INFO 15412 --- [http-nio-7072-exec-1] o.s.web.servlet.DispatcherServlet        : Initializing Servlet 'dispatcherServlet'
2021-01-22 16:20:54.764  INFO 15412 --- [http-nio-7072-exec-1] o.s.web.servlet.DispatcherServlet        : Completed initialization in 2 ms
2021-01-22 16:20:55.020  INFO 15412 --- [http-nio-7072-exec-1] c.h.a.A.controller.HangarController      : Entered in to addHangarDetails() method of HangarController class
2021-01-22 16:20:55.023  INFO 15412 --- [http-nio-7072-exec-1] c.h.a.A.service.HangarServiceImpl        : Enterd into addHangarDetails() method of HangarServiceImpl class
