2021-01-22 09:34:02.898  INFO 4752 --- [main] c.h.a.A.AirportAdminServiceApplication   : Starting AirportAdminServiceApplication using Java 1.8.0_271 on DESKTOP-GV7K8NV with PID 4752 (C:\Users\Hi\Desktop\HCL\online_training_HCL\Mode2\SpringBootDemos\AirportAdminService\target\classes started by Hi in C:\Users\Hi\Desktop\HCL\online_training_HCL\Mode2\SpringBootDemos\AirportAdminService)
2021-01-22 09:34:02.920  INFO 4752 --- [main] c.h.a.A.AirportAdminServiceApplication   : No active profile set, falling back to default profiles: default
2021-01-22 09:34:04.903  INFO 4752 --- [main] .s.d.r.c.RepositoryConfigurationDelegate : Bootstrapping Spring Data JPA repositories in DEFAULT mode.
2021-01-22 09:34:05.046  INFO 4752 --- [main] .s.d.r.c.RepositoryConfigurationDelegate : Finished Spring Data repository scanning in 120 ms. Found 1 JPA repository interfaces.
2021-01-22 09:34:07.954  INFO 4752 --- [main] o.s.b.w.embedded.tomcat.TomcatWebServer  : Tomcat initialized with port(s): 7074 (http)
2021-01-22 09:34:07.986  INFO 4752 --- [main] o.apache.catalina.core.StandardService   : Starting service [Tomcat]
2021-01-22 09:34:07.987  INFO 4752 --- [main] org.apache.catalina.core.StandardEngine  : Starting Servlet engine: [Apache Tomcat/9.0.41]
2021-01-22 09:34:07.991  INFO 4752 --- [main] o.a.catalina.core.AprLifecycleListener   : Loaded Apache Tomcat Native library [1.2.23] using APR version [1.7.0].
2021-01-22 09:34:07.993  INFO 4752 --- [main] o.a.catalina.core.AprLifecycleListener   : APR capabilities: IPv6 [true], sendfile [true], accept filters [false], random [true].
2021-01-22 09:34:07.993  INFO 4752 --- [main] o.a.catalina.core.AprLifecycleListener   : APR/OpenSSL configuration: useAprConnector [false], useOpenSSL [true]
2021-01-22 09:34:08.009  INFO 4752 --- [main] o.a.catalina.core.AprLifecycleListener   : OpenSSL successfully initialized [OpenSSL 1.1.1c  28 May 2019]
2021-01-22 09:34:08.358  INFO 4752 --- [main] o.a.c.c.C.[Tomcat].[localhost].[/]       : Initializing Spring embedded WebApplicationContext
2021-01-22 09:34:08.361  INFO 4752 --- [main] w.s.c.ServletWebServerApplicationContext : Root WebApplicationContext: initialization completed in 5276 ms
2021-01-22 09:34:09.849  INFO 4752 --- [main] o.hibernate.jpa.internal.util.LogHelper  : HHH000204: Processing PersistenceUnitInfo [name: default]
2021-01-22 09:34:10.058  INFO 4752 --- [main] org.hibernate.Version                    : HHH000412: Hibernate ORM core version 5.4.27.Final
2021-01-22 09:34:12.569  INFO 4752 --- [main] o.hibernate.annotations.common.Version   : HCANN000001: Hibernate Commons Annotations {5.1.2.Final}
2021-01-22 09:34:14.021  INFO 4752 --- [main] com.zaxxer.hikari.HikariDataSource       : HikariPool-1 - Starting...
2021-01-22 09:34:18.017  INFO 4752 --- [main] com.zaxxer.hikari.HikariDataSource       : HikariPool-1 - Start completed.
2021-01-22 09:34:18.633  INFO 4752 --- [main] org.hibernate.dialect.Dialect            : HHH000400: Using dialect: org.hibernate.dialect.MySQL5Dialect
2021-01-22 09:34:26.976  INFO 4752 --- [main] o.h.e.t.j.p.i.JtaPlatformInitiator       : HHH000490: Using JtaPlatform implementation: [org.hibernate.engine.transaction.jta.platform.internal.NoJtaPlatform]
2021-01-22 09:34:27.076  INFO 4752 --- [main] j.LocalContainerEntityManagerFactoryBean : Initialized JPA EntityManagerFactory for persistence unit 'default'
2021-01-22 09:34:32.355  WARN 4752 --- [main] JpaBaseConfiguration$JpaWebConfiguration : spring.jpa.open-in-view is enabled by default. Therefore, database queries may be performed during view rendering. Explicitly configure spring.jpa.open-in-view to disable this warning
2021-01-22 09:34:33.156  INFO 4752 --- [main] o.s.s.concurrent.ThreadPoolTaskExecutor  : Initializing ExecutorService 'applicationTaskExecutor'
2021-01-22 09:34:34.844  INFO 4752 --- [main] o.s.b.w.embedded.tomcat.TomcatWebServer  : Tomcat started on port(s): 7074 (http) with context path ''
2021-01-22 09:34:34.950  INFO 4752 --- [main] c.h.a.A.AirportAdminServiceApplication   : Started AirportAdminServiceApplication in 33.996 seconds (JVM running for 36.46)
2021-01-22 09:39:49.085  INFO 4752 --- [http-nio-7074-exec-2] o.a.c.c.C.[Tomcat].[localhost].[/]       : Initializing Spring DispatcherServlet 'dispatcherServlet'
2021-01-22 09:39:49.086  INFO 4752 --- [http-nio-7074-exec-2] o.s.web.servlet.DispatcherServlet        : Initializing Servlet 'dispatcherServlet'
2021-01-22 09:39:49.090  INFO 4752 --- [http-nio-7074-exec-2] o.s.web.servlet.DispatcherServlet        : Completed initialization in 3 ms
2021-01-22 09:39:49.533  INFO 4752 --- [http-nio-7074-exec-2] c.h.a.A.controller.AdminController       : Entered in to validateAdmin method of AdminController class
2021-01-22 09:39:49.535  INFO 4752 --- [http-nio-7074-exec-2] c.h.a.A.service.AdminServiceImpl         : Entered in to getAdminCredetials() method of AdminServiceImpl class
2021-01-22 09:41:54.879  INFO 4752 --- [http-nio-7074-exec-5] c.h.a.A.controller.AdminController       : Entered in to validateAdmin method of AdminController class
2021-01-22 09:41:54.880  INFO 4752 --- [http-nio-7074-exec-5] c.h.a.A.service.AdminServiceImpl         : Entered in to getAdminCredetials() method of AdminServiceImpl class
2021-01-22 09:41:59.974  INFO 4752 --- [http-nio-7074-exec-6] c.h.a.A.controller.AdminController       : Entered in to validateAdmin method of AdminController class
2021-01-22 09:41:59.975  INFO 4752 --- [http-nio-7074-exec-6] c.h.a.A.service.AdminServiceImpl         : Entered in to getAdminCredetials() method of AdminServiceImpl class
2021-01-22 10:26:48.924  INFO 2128 --- [main] c.h.a.A.AirportAdminServiceApplication   : Starting AirportAdminServiceApplication using Java 1.8.0_271 on DESKTOP-GV7K8NV with PID 2128 (C:\Users\Hi\Desktop\HCL\online_training_HCL\Mode2\SpringBootDemos\AirportAdminService\target\classes started by Hi in C:\Users\Hi\Desktop\HCL\online_training_HCL\Mode2\SpringBootDemos\AirportAdminService)
2021-01-22 10:26:48.930  INFO 2128 --- [main] c.h.a.A.AirportAdminServiceApplication   : No active profile set, falling back to default profiles: default
2021-01-22 10:26:50.070  INFO 2128 --- [main] .s.d.r.c.RepositoryConfigurationDelegate : Bootstrapping Spring Data JPA repositories in DEFAULT mode.
2021-01-22 10:26:50.156  INFO 2128 --- [main] .s.d.r.c.RepositoryConfigurationDelegate : Finished Spring Data repository scanning in 72 ms. Found 1 JPA repository interfaces.
2021-01-22 10:26:51.905  INFO 2128 --- [main] o.s.b.w.embedded.tomcat.TomcatWebServer  : Tomcat initialized with port(s): 7074 (http)
2021-01-22 10:26:51.922  INFO 2128 --- [main] o.apache.catalina.core.StandardService   : Starting service [Tomcat]
2021-01-22 10:26:51.923  INFO 2128 --- [main] org.apache.catalina.core.StandardEngine  : Starting Servlet engine: [Apache Tomcat/9.0.41]
2021-01-22 10:26:51.924  INFO 2128 --- [main] o.a.catalina.core.AprLifecycleListener   : Loaded Apache Tomcat Native library [1.2.23] using APR version [1.7.0].
2021-01-22 10:26:51.925  INFO 2128 --- [main] o.a.catalina.core.AprLifecycleListener   : APR capabilities: IPv6 [true], sendfile [true], accept filters [false], random [true].
2021-01-22 10:26:51.925  INFO 2128 --- [main] o.a.catalina.core.AprLifecycleListener   : APR/OpenSSL configuration: useAprConnector [false], useOpenSSL [true]
2021-01-22 10:26:51.929  INFO 2128 --- [main] o.a.catalina.core.AprLifecycleListener   : OpenSSL successfully initialized [OpenSSL 1.1.1c  28 May 2019]
2021-01-22 10:26:52.047  INFO 2128 --- [main] o.a.c.c.C.[Tomcat].[localhost].[/]       : Initializing Spring embedded WebApplicationContext
2021-01-22 10:26:52.048  INFO 2128 --- [main] w.s.c.ServletWebServerApplicationContext : Root WebApplicationContext: initialization completed in 3020 ms
2021-01-22 10:26:52.539  INFO 2128 --- [main] o.hibernate.jpa.internal.util.LogHelper  : HHH000204: Processing PersistenceUnitInfo [name: default]
2021-01-22 10:26:52.682  INFO 2128 --- [main] org.hibernate.Version                    : HHH000412: Hibernate ORM core version 5.4.27.Final
2021-01-22 10:26:52.995  INFO 2128 --- [main] o.hibernate.annotations.common.Version   : HCANN000001: Hibernate Commons Annotations {5.1.2.Final}
2021-01-22 10:26:53.289  INFO 2128 --- [main] com.zaxxer.hikari.HikariDataSource       : HikariPool-1 - Starting...
2021-01-22 10:26:53.918  INFO 2128 --- [main] com.zaxxer.hikari.HikariDataSource       : HikariPool-1 - Start completed.
2021-01-22 10:26:53.958  INFO 2128 --- [main] org.hibernate.dialect.Dialect            : HHH000400: Using dialect: org.hibernate.dialect.MySQL5Dialect
2021-01-22 10:26:55.214  INFO 2128 --- [main] o.h.e.t.j.p.i.JtaPlatformInitiator       : HHH000490: Using JtaPlatform implementation: [org.hibernate.engine.transaction.jta.platform.internal.NoJtaPlatform]
2021-01-22 10:26:55.225  INFO 2128 --- [main] j.LocalContainerEntityManagerFactoryBean : Initialized JPA EntityManagerFactory for persistence unit 'default'
2021-01-22 10:26:55.940  WARN 2128 --- [main] JpaBaseConfiguration$JpaWebConfiguration : spring.jpa.open-in-view is enabled by default. Therefore, database queries may be performed during view rendering. Explicitly configure spring.jpa.open-in-view to disable this warning
2021-01-22 10:26:56.168  INFO 2128 --- [main] o.s.s.concurrent.ThreadPoolTaskExecutor  : Initializing ExecutorService 'applicationTaskExecutor'
2021-01-22 10:26:56.703  INFO 2128 --- [main] o.s.b.w.embedded.tomcat.TomcatWebServer  : Tomcat started on port(s): 7074 (http) with context path ''
2021-01-22 10:26:56.716  INFO 2128 --- [main] c.h.a.A.AirportAdminServiceApplication   : Started AirportAdminServiceApplication in 8.627 seconds (JVM running for 9.348)
2021-01-22 10:27:03.838  INFO 2128 --- [http-nio-7074-exec-1] o.a.c.c.C.[Tomcat].[localhost].[/]       : Initializing Spring DispatcherServlet 'dispatcherServlet'
2021-01-22 10:27:03.839  INFO 2128 --- [http-nio-7074-exec-1] o.s.web.servlet.DispatcherServlet        : Initializing Servlet 'dispatcherServlet'
2021-01-22 10:27:03.840  INFO 2128 --- [http-nio-7074-exec-1] o.s.web.servlet.DispatcherServlet        : Completed initialization in 1 ms
2021-01-22 10:27:04.108  INFO 2128 --- [http-nio-7074-exec-1] c.h.a.A.controller.AdminController       : Entered in to validateAdmin method of AdminController class
2021-01-22 10:27:04.110  INFO 2128 --- [http-nio-7074-exec-1] c.h.a.A.service.AdminServiceImpl         : Entered in to getAdminCredetials() method of AdminServiceImpl class
2021-01-22 10:27:50.171  INFO 948 --- [main] c.h.a.A.AirportAdminServiceApplication   : Starting AirportAdminServiceApplication using Java 1.8.0_271 on DESKTOP-GV7K8NV with PID 948 (C:\Users\Hi\Desktop\HCL\online_training_HCL\Mode2\SpringBootDemos\AirportAdminService\target\classes started by Hi in C:\Users\Hi\Desktop\HCL\online_training_HCL\Mode2\SpringBootDemos\AirportAdminService)
2021-01-22 10:27:50.186  INFO 948 --- [main] c.h.a.A.AirportAdminServiceApplication   : No active profile set, falling back to default profiles: default
2021-01-22 10:27:51.292  INFO 948 --- [main] .s.d.r.c.RepositoryConfigurationDelegate : Bootstrapping Spring Data JPA repositories in DEFAULT mode.
2021-01-22 10:27:51.378  INFO 948 --- [main] .s.d.r.c.RepositoryConfigurationDelegate : Finished Spring Data repository scanning in 73 ms. Found 1 JPA repository interfaces.
2021-01-22 10:27:52.588  INFO 948 --- [main] o.s.b.w.embedded.tomcat.TomcatWebServer  : Tomcat initialized with port(s): 7074 (http)
2021-01-22 10:27:52.601  INFO 948 --- [main] o.apache.catalina.core.StandardService   : Starting service [Tomcat]
2021-01-22 10:27:52.602  INFO 948 --- [main] org.apache.catalina.core.StandardEngine  : Starting Servlet engine: [Apache Tomcat/9.0.41]
2021-01-22 10:27:52.603  INFO 948 --- [main] o.a.catalina.core.AprLifecycleListener   : Loaded Apache Tomcat Native library [1.2.23] using APR version [1.7.0].
2021-01-22 10:27:52.604  INFO 948 --- [main] o.a.catalina.core.AprLifecycleListener   : APR capabilities: IPv6 [true], sendfile [true], accept filters [false], random [true].
2021-01-22 10:27:52.604  INFO 948 --- [main] o.a.catalina.core.AprLifecycleListener   : APR/OpenSSL configuration: useAprConnector [false], useOpenSSL [true]
2021-01-22 10:27:52.608  INFO 948 --- [main] o.a.catalina.core.AprLifecycleListener   : OpenSSL successfully initialized [OpenSSL 1.1.1c  28 May 2019]
2021-01-22 10:27:52.732  INFO 948 --- [main] o.a.c.c.C.[Tomcat].[localhost].[/]       : Initializing Spring embedded WebApplicationContext
2021-01-22 10:27:52.732  INFO 948 --- [main] w.s.c.ServletWebServerApplicationContext : Root WebApplicationContext: initialization completed in 2445 ms
2021-01-22 10:27:53.231  INFO 948 --- [main] o.hibernate.jpa.internal.util.LogHelper  : HHH000204: Processing PersistenceUnitInfo [name: default]
2021-01-22 10:27:53.395  INFO 948 --- [main] org.hibernate.Version                    : HHH000412: Hibernate ORM core version 5.4.27.Final
2021-01-22 10:27:53.697  INFO 948 --- [main] o.hibernate.annotations.common.Version   : HCANN000001: Hibernate Commons Annotations {5.1.2.Final}
2021-01-22 10:27:53.929  INFO 948 --- [main] com.zaxxer.hikari.HikariDataSource       : HikariPool-1 - Starting...
2021-01-22 10:27:54.261  INFO 948 --- [main] com.zaxxer.hikari.HikariDataSource       : HikariPool-1 - Start completed.
2021-01-22 10:27:54.284  INFO 948 --- [main] org.hibernate.dialect.Dialect            : HHH000400: Using dialect: org.hibernate.dialect.MySQL5Dialect
2021-01-22 10:27:55.255  INFO 948 --- [main] o.h.e.t.j.p.i.JtaPlatformInitiator       : HHH000490: Using JtaPlatform implementation: [org.hibernate.engine.transaction.jta.platform.internal.NoJtaPlatform]
2021-01-22 10:27:55.272  INFO 948 --- [main] j.LocalContainerEntityManagerFactoryBean : Initialized JPA EntityManagerFactory for persistence unit 'default'
2021-01-22 10:27:56.009  WARN 948 --- [main] JpaBaseConfiguration$JpaWebConfiguration : spring.jpa.open-in-view is enabled by default. Therefore, database queries may be performed during view rendering. Explicitly configure spring.jpa.open-in-view to disable this warning
2021-01-22 10:27:56.288  INFO 948 --- [main] o.s.s.concurrent.ThreadPoolTaskExecutor  : Initializing ExecutorService 'applicationTaskExecutor'
2021-01-22 10:27:56.782  INFO 948 --- [main] o.s.b.w.embedded.tomcat.TomcatWebServer  : Tomcat started on port(s): 7074 (http) with context path ''
2021-01-22 10:27:56.794  INFO 948 --- [main] c.h.a.A.AirportAdminServiceApplication   : Started AirportAdminServiceApplication in 7.382 seconds (JVM running for 7.964)
2021-01-22 10:28:04.743  INFO 948 --- [http-nio-7074-exec-1] o.a.c.c.C.[Tomcat].[localhost].[/]       : Initializing Spring DispatcherServlet 'dispatcherServlet'
2021-01-22 10:28:04.744  INFO 948 --- [http-nio-7074-exec-1] o.s.web.servlet.DispatcherServlet        : Initializing Servlet 'dispatcherServlet'
2021-01-22 10:28:04.746  INFO 948 --- [http-nio-7074-exec-1] o.s.web.servlet.DispatcherServlet        : Completed initialization in 2 ms
2021-01-22 10:28:05.028  INFO 948 --- [http-nio-7074-exec-1] c.h.a.A.controller.AdminController       : Entered in to validateAdmin method of AdminController class
2021-01-22 10:28:05.030  INFO 948 --- [http-nio-7074-exec-1] c.h.a.A.service.AdminServiceImpl         : Entered in to getAdminCredetials() method of AdminServiceImpl class
2021-01-22 10:30:24.374  INFO 15400 --- [main] c.h.a.A.AirportAdminServiceApplication   : Starting AirportAdminServiceApplication using Java 1.8.0_271 on DESKTOP-GV7K8NV with PID 15400 (C:\Users\Hi\Desktop\HCL\online_training_HCL\Mode2\SpringBootDemos\AirportAdminService\target\classes started by Hi in C:\Users\Hi\Desktop\HCL\online_training_HCL\Mode2\SpringBootDemos\AirportAdminService)
2021-01-22 10:30:24.379  INFO 15400 --- [main] c.h.a.A.AirportAdminServiceApplication   : No active profile set, falling back to default profiles: default
2021-01-22 10:30:25.714  INFO 15400 --- [main] .s.d.r.c.RepositoryConfigurationDelegate : Bootstrapping Spring Data JPA repositories in DEFAULT mode.
2021-01-22 10:30:25.865  INFO 15400 --- [main] .s.d.r.c.RepositoryConfigurationDelegate : Finished Spring Data repository scanning in 131 ms. Found 1 JPA repository interfaces.
2021-01-22 10:30:27.283  INFO 15400 --- [main] o.s.b.w.embedded.tomcat.TomcatWebServer  : Tomcat initialized with port(s): 7074 (http)
2021-01-22 10:30:27.298  INFO 15400 --- [main] o.apache.catalina.core.StandardService   : Starting service [Tomcat]
2021-01-22 10:30:27.298  INFO 15400 --- [main] org.apache.catalina.core.StandardEngine  : Starting Servlet engine: [Apache Tomcat/9.0.41]
2021-01-22 10:30:27.300  INFO 15400 --- [main] o.a.catalina.core.AprLifecycleListener   : Loaded Apache Tomcat Native library [1.2.23] using APR version [1.7.0].
2021-01-22 10:30:27.301  INFO 15400 --- [main] o.a.catalina.core.AprLifecycleListener   : APR capabilities: IPv6 [true], sendfile [true], accept filters [false], random [true].
2021-01-22 10:30:27.301  INFO 15400 --- [main] o.a.catalina.core.AprLifecycleListener   : APR/OpenSSL configuration: useAprConnector [false], useOpenSSL [true]
2021-01-22 10:30:27.304  INFO 15400 --- [main] o.a.catalina.core.AprLifecycleListener   : OpenSSL successfully initialized [OpenSSL 1.1.1c  28 May 2019]
2021-01-22 10:30:27.419  INFO 15400 --- [main] o.a.c.c.C.[Tomcat].[localhost].[/]       : Initializing Spring embedded WebApplicationContext
2021-01-22 10:30:27.420  INFO 15400 --- [main] w.s.c.ServletWebServerApplicationContext : Root WebApplicationContext: initialization completed in 2939 ms
2021-01-22 10:30:27.822  INFO 15400 --- [main] o.hibernate.jpa.internal.util.LogHelper  : HHH000204: Processing PersistenceUnitInfo [name: default]
2021-01-22 10:30:27.929  INFO 15400 --- [main] org.hibernate.Version                    : HHH000412: Hibernate ORM core version 5.4.27.Final
2021-01-22 10:30:28.173  INFO 15400 --- [main] o.hibernate.annotations.common.Version   : HCANN000001: Hibernate Commons Annotations {5.1.2.Final}
2021-01-22 10:30:28.446  INFO 15400 --- [main] com.zaxxer.hikari.HikariDataSource       : HikariPool-1 - Starting...
2021-01-22 10:30:28.845  INFO 15400 --- [main] com.zaxxer.hikari.HikariDataSource       : HikariPool-1 - Start completed.
2021-01-22 10:30:28.881  INFO 15400 --- [main] org.hibernate.dialect.Dialect            : HHH000400: Using dialect: org.hibernate.dialect.MySQL5Dialect
2021-01-22 10:30:29.814  INFO 15400 --- [main] o.h.e.t.j.p.i.JtaPlatformInitiator       : HHH000490: Using JtaPlatform implementation: [org.hibernate.engine.transaction.jta.platform.internal.NoJtaPlatform]
2021-01-22 10:30:29.826  INFO 15400 --- [main] j.LocalContainerEntityManagerFactoryBean : Initialized JPA EntityManagerFactory for persistence unit 'default'
2021-01-22 10:30:30.547  WARN 15400 --- [main] JpaBaseConfiguration$JpaWebConfiguration : spring.jpa.open-in-view is enabled by default. Therefore, database queries may be performed during view rendering. Explicitly configure spring.jpa.open-in-view to disable this warning
2021-01-22 10:30:30.780  INFO 15400 --- [main] o.s.s.concurrent.ThreadPoolTaskExecutor  : Initializing ExecutorService 'applicationTaskExecutor'
2021-01-22 10:30:31.307  INFO 15400 --- [main] o.s.b.w.embedded.tomcat.TomcatWebServer  : Tomcat started on port(s): 7074 (http) with context path ''
2021-01-22 10:30:31.340  INFO 15400 --- [main] c.h.a.A.AirportAdminServiceApplication   : Started AirportAdminServiceApplication in 7.669 seconds (JVM running for 8.262)
2021-01-22 10:30:39.420  INFO 15400 --- [http-nio-7074-exec-1] o.a.c.c.C.[Tomcat].[localhost].[/]       : Initializing Spring DispatcherServlet 'dispatcherServlet'
2021-01-22 10:30:39.421  INFO 15400 --- [http-nio-7074-exec-1] o.s.web.servlet.DispatcherServlet        : Initializing Servlet 'dispatcherServlet'
2021-01-22 10:30:39.423  INFO 15400 --- [http-nio-7074-exec-1] o.s.web.servlet.DispatcherServlet        : Completed initialization in 1 ms
2021-01-22 10:30:39.732  INFO 15400 --- [http-nio-7074-exec-1] c.h.a.A.controller.AdminController       : Entered in to validateAdmin method of AdminController class
2021-01-22 10:30:39.735  INFO 15400 --- [http-nio-7074-exec-1] c.h.a.A.service.AdminServiceImpl         : Entered in to getAdminCredetials() method of AdminServiceImpl class
2021-01-22 10:32:07.868  INFO 15400 --- [http-nio-7074-exec-5] c.h.a.A.controller.AdminController       : Entered in to validateAdmin method of AdminController class
2021-01-22 10:32:07.869  INFO 15400 --- [http-nio-7074-exec-5] c.h.a.A.service.AdminServiceImpl         : Entered in to getAdminCredetials() method of AdminServiceImpl class
2021-01-22 10:33:17.362  INFO 3612 --- [main] c.h.a.A.AirportAdminServiceApplication   : Starting AirportAdminServiceApplication using Java 1.8.0_271 on DESKTOP-GV7K8NV with PID 3612 (C:\Users\Hi\Desktop\HCL\online_training_HCL\Mode2\SpringBootDemos\AirportAdminService\target\classes started by Hi in C:\Users\Hi\Desktop\HCL\online_training_HCL\Mode2\SpringBootDemos\AirportAdminService)
2021-01-22 10:33:17.367  INFO 3612 --- [main] c.h.a.A.AirportAdminServiceApplication   : No active profile set, falling back to default profiles: default
2021-01-22 10:33:18.604  INFO 3612 --- [main] .s.d.r.c.RepositoryConfigurationDelegate : Bootstrapping Spring Data JPA repositories in DEFAULT mode.
2021-01-22 10:33:18.753  INFO 3612 --- [main] .s.d.r.c.RepositoryConfigurationDelegate : Finished Spring Data repository scanning in 128 ms. Found 1 JPA repository interfaces.
2021-01-22 10:33:20.854  INFO 3612 --- [main] o.s.b.w.embedded.tomcat.TomcatWebServer  : Tomcat initialized with port(s): 7074 (http)
2021-01-22 10:33:20.871  INFO 3612 --- [main] o.apache.catalina.core.StandardService   : Starting service [Tomcat]
2021-01-22 10:33:20.871  INFO 3612 --- [main] org.apache.catalina.core.StandardEngine  : Starting Servlet engine: [Apache Tomcat/9.0.41]
2021-01-22 10:33:20.873  INFO 3612 --- [main] o.a.catalina.core.AprLifecycleListener   : Loaded Apache Tomcat Native library [1.2.23] using APR version [1.7.0].
2021-01-22 10:33:20.873  INFO 3612 --- [main] o.a.catalina.core.AprLifecycleListener   : APR capabilities: IPv6 [true], sendfile [true], accept filters [false], random [true].
2021-01-22 10:33:20.873  INFO 3612 --- [main] o.a.catalina.core.AprLifecycleListener   : APR/OpenSSL configuration: useAprConnector [false], useOpenSSL [true]
2021-01-22 10:33:20.881  INFO 3612 --- [main] o.a.catalina.core.AprLifecycleListener   : OpenSSL successfully initialized [OpenSSL 1.1.1c  28 May 2019]
2021-01-22 10:33:21.035  INFO 3612 --- [main] o.a.c.c.C.[Tomcat].[localhost].[/]       : Initializing Spring embedded WebApplicationContext
2021-01-22 10:33:21.035  INFO 3612 --- [main] w.s.c.ServletWebServerApplicationContext : Root WebApplicationContext: initialization completed in 3561 ms
2021-01-22 10:33:21.579  INFO 3612 --- [main] o.hibernate.jpa.internal.util.LogHelper  : HHH000204: Processing PersistenceUnitInfo [name: default]
2021-01-22 10:33:21.720  INFO 3612 --- [main] org.hibernate.Version                    : HHH000412: Hibernate ORM core version 5.4.27.Final
2021-01-22 10:33:21.995  INFO 3612 --- [main] o.hibernate.annotations.common.Version   : HCANN000001: Hibernate Commons Annotations {5.1.2.Final}
2021-01-22 10:33:22.397  INFO 3612 --- [main] com.zaxxer.hikari.HikariDataSource       : HikariPool-1 - Starting...
2021-01-22 10:33:22.866  INFO 3612 --- [main] com.zaxxer.hikari.HikariDataSource       : HikariPool-1 - Start completed.
2021-01-22 10:33:22.905  INFO 3612 --- [main] org.hibernate.dialect.Dialect            : HHH000400: Using dialect: org.hibernate.dialect.MySQL5Dialect
2021-01-22 10:33:24.328  INFO 3612 --- [main] o.h.e.t.j.p.i.JtaPlatformInitiator       : HHH000490: Using JtaPlatform implementation: [org.hibernate.engine.transaction.jta.platform.internal.NoJtaPlatform]
2021-01-22 10:33:24.349  INFO 3612 --- [main] j.LocalContainerEntityManagerFactoryBean : Initialized JPA EntityManagerFactory for persistence unit 'default'
2021-01-22 10:33:25.752  WARN 3612 --- [main] JpaBaseConfiguration$JpaWebConfiguration : spring.jpa.open-in-view is enabled by default. Therefore, database queries may be performed during view rendering. Explicitly configure spring.jpa.open-in-view to disable this warning
2021-01-22 10:33:26.439  INFO 3612 --- [main] o.s.s.concurrent.ThreadPoolTaskExecutor  : Initializing ExecutorService 'applicationTaskExecutor'
2021-01-22 10:33:28.183  INFO 3612 --- [main] o.s.b.w.embedded.tomcat.TomcatWebServer  : Tomcat started on port(s): 7074 (http) with context path ''
2021-01-22 10:33:28.200  INFO 3612 --- [main] c.h.a.A.AirportAdminServiceApplication   : Started AirportAdminServiceApplication in 11.568 seconds (JVM running for 12.162)
2021-01-22 10:33:43.252  INFO 3612 --- [http-nio-7074-exec-2] o.a.c.c.C.[Tomcat].[localhost].[/]       : Initializing Spring DispatcherServlet 'dispatcherServlet'
2021-01-22 10:33:43.253  INFO 3612 --- [http-nio-7074-exec-2] o.s.web.servlet.DispatcherServlet        : Initializing Servlet 'dispatcherServlet'
2021-01-22 10:33:43.260  INFO 3612 --- [http-nio-7074-exec-2] o.s.web.servlet.DispatcherServlet        : Completed initialization in 7 ms
2021-01-22 10:33:43.569  INFO 3612 --- [http-nio-7074-exec-2] c.h.a.A.controller.AdminController       : Entered in to validateAdmin method of AdminController class
2021-01-22 10:33:43.573  INFO 3612 --- [http-nio-7074-exec-2] c.h.a.A.service.AdminServiceImpl         : Entered in to getAdminCredetials() method of AdminServiceImpl class
2021-01-22 10:35:37.462  INFO 3612 --- [http-nio-7074-exec-5] c.h.a.A.controller.AdminController       : Entered in to validateAdmin method of AdminController class
2021-01-22 10:35:37.464  INFO 3612 --- [http-nio-7074-exec-5] c.h.a.A.service.AdminServiceImpl         : Entered in to getAdminCredetials() method of AdminServiceImpl class
2021-01-22 10:35:43.283  INFO 3612 --- [http-nio-7074-exec-6] c.h.a.A.controller.AdminController       : Entered in to validateAdmin method of AdminController class
2021-01-22 10:35:43.284  INFO 3612 --- [http-nio-7074-exec-6] c.h.a.A.service.AdminServiceImpl         : Entered in to getAdminCredetials() method of AdminServiceImpl class
2021-01-22 11:09:59.143  INFO 3612 --- [http-nio-7074-exec-8] c.h.a.A.controller.AdminController       : Entered in to validateAdmin method of AdminController class
2021-01-22 11:09:59.149  INFO 3612 --- [http-nio-7074-exec-8] c.h.a.A.service.AdminServiceImpl         : Entered in to getAdminCredetials() method of AdminServiceImpl class
2021-01-22 11:10:07.034  INFO 3612 --- [http-nio-7074-exec-9] c.h.a.A.controller.AdminController       : Entered in to validateAdmin method of AdminController class
2021-01-22 11:10:07.037  INFO 3612 --- [http-nio-7074-exec-9] c.h.a.A.service.AdminServiceImpl         : Entered in to getAdminCredetials() method of AdminServiceImpl class
2021-01-22 11:10:13.116  INFO 3612 --- [http-nio-7074-exec-10] c.h.a.A.controller.AdminController       : Entered in to validateAdmin method of AdminController class
2021-01-22 11:10:13.117  INFO 3612 --- [http-nio-7074-exec-10] c.h.a.A.service.AdminServiceImpl         : Entered in to getAdminCredetials() method of AdminServiceImpl class
2021-01-22 11:41:17.545  INFO 12028 --- [main] c.h.a.A.AirportAdminServiceApplication   : Starting AirportAdminServiceApplication using Java 1.8.0_271 on DESKTOP-GV7K8NV with PID 12028 (C:\Users\Hi\Desktop\HCL\online_training_HCL\Mode2\SpringBootDemos\AirportAdminService\target\classes started by Hi in C:\Users\Hi\Desktop\HCL\online_training_HCL\Mode2\SpringBootDemos\AirportAdminService)
2021-01-22 11:41:17.565  INFO 12028 --- [main] c.h.a.A.AirportAdminServiceApplication   : No active profile set, falling back to default profiles: default
2021-01-22 11:41:19.335  INFO 12028 --- [main] .s.d.r.c.RepositoryConfigurationDelegate : Bootstrapping Spring Data JPA repositories in DEFAULT mode.
2021-01-22 11:41:19.475  INFO 12028 --- [main] .s.d.r.c.RepositoryConfigurationDelegate : Finished Spring Data repository scanning in 126 ms. Found 1 JPA repository interfaces.
2021-01-22 11:41:22.005  INFO 12028 --- [main] o.s.b.w.embedded.tomcat.TomcatWebServer  : Tomcat initialized with port(s): 7074 (http)
2021-01-22 11:41:22.025  INFO 12028 --- [main] o.apache.catalina.core.StandardService   : Starting service [Tomcat]
2021-01-22 11:41:22.025  INFO 12028 --- [main] org.apache.catalina.core.StandardEngine  : Starting Servlet engine: [Apache Tomcat/9.0.41]
2021-01-22 11:41:22.025  INFO 12028 --- [main] o.a.catalina.core.AprLifecycleListener   : Loaded Apache Tomcat Native library [1.2.23] using APR version [1.7.0].
2021-01-22 11:41:22.025  INFO 12028 --- [main] o.a.catalina.core.AprLifecycleListener   : APR capabilities: IPv6 [true], sendfile [true], accept filters [false], random [true].
2021-01-22 11:41:22.025  INFO 12028 --- [main] o.a.catalina.core.AprLifecycleListener   : APR/OpenSSL configuration: useAprConnector [false], useOpenSSL [true]
2021-01-22 11:41:22.035  INFO 12028 --- [main] o.a.catalina.core.AprLifecycleListener   : OpenSSL successfully initialized [OpenSSL 1.1.1c  28 May 2019]
2021-01-22 11:41:22.375  INFO 12028 --- [main] o.a.c.c.C.[Tomcat].[localhost].[/]       : Initializing Spring embedded WebApplicationContext
2021-01-22 11:41:22.380  INFO 12028 --- [main] w.s.c.ServletWebServerApplicationContext : Root WebApplicationContext: initialization completed in 4650 ms
2021-01-22 11:41:23.180  INFO 12028 --- [main] o.hibernate.jpa.internal.util.LogHelper  : HHH000204: Processing PersistenceUnitInfo [name: default]
2021-01-22 11:41:23.359  INFO 12028 --- [main] org.hibernate.Version                    : HHH000412: Hibernate ORM core version 5.4.27.Final
2021-01-22 11:41:23.740  INFO 12028 --- [main] o.hibernate.annotations.common.Version   : HCANN000001: Hibernate Commons Annotations {5.1.2.Final}
2021-01-22 11:41:24.380  INFO 12028 --- [main] com.zaxxer.hikari.HikariDataSource       : HikariPool-1 - Starting...
2021-01-22 11:41:25.165  INFO 12028 --- [main] com.zaxxer.hikari.HikariDataSource       : HikariPool-1 - Start completed.
2021-01-22 11:41:25.205  INFO 12028 --- [main] org.hibernate.dialect.Dialect            : HHH000400: Using dialect: org.hibernate.dialect.MySQL5Dialect
2021-01-22 11:41:27.230  INFO 12028 --- [main] o.h.e.t.j.p.i.JtaPlatformInitiator       : HHH000490: Using JtaPlatform implementation: [org.hibernate.engine.transaction.jta.platform.internal.NoJtaPlatform]
2021-01-22 11:41:27.250  INFO 12028 --- [main] j.LocalContainerEntityManagerFactoryBean : Initialized JPA EntityManagerFactory for persistence unit 'default'
2021-01-22 11:41:28.156  WARN 12028 --- [main] JpaBaseConfiguration$JpaWebConfiguration : spring.jpa.open-in-view is enabled by default. Therefore, database queries may be performed during view rendering. Explicitly configure spring.jpa.open-in-view to disable this warning
2021-01-22 11:41:28.511  INFO 12028 --- [main] o.s.s.concurrent.ThreadPoolTaskExecutor  : Initializing ExecutorService 'applicationTaskExecutor'
2021-01-22 11:41:29.324  INFO 12028 --- [main] o.s.b.w.embedded.tomcat.TomcatWebServer  : Tomcat started on port(s): 7074 (http) with context path ''
2021-01-22 11:41:29.340  INFO 12028 --- [main] c.h.a.A.AirportAdminServiceApplication   : Started AirportAdminServiceApplication in 12.727 seconds (JVM running for 13.639)
2021-01-22 11:44:17.710  INFO 10340 --- [main] c.h.a.A.AirportAdminServiceApplication   : Starting AirportAdminServiceApplication using Java 1.8.0_271 on DESKTOP-GV7K8NV with PID 10340 (C:\Users\Hi\Desktop\HCL\online_training_HCL\Mode2\SpringBootDemos\AirportAdminService\target\classes started by Hi in C:\Users\Hi\Desktop\HCL\online_training_HCL\Mode2\SpringBootDemos\AirportAdminService)
2021-01-22 11:44:17.720  INFO 10340 --- [main] c.h.a.A.AirportAdminServiceApplication   : No active profile set, falling back to default profiles: default
2021-01-22 11:44:19.957  INFO 10340 --- [main] .s.d.r.c.RepositoryConfigurationDelegate : Bootstrapping Spring Data JPA repositories in DEFAULT mode.
2021-01-22 11:44:20.150  INFO 10340 --- [main] .s.d.r.c.RepositoryConfigurationDelegate : Finished Spring Data repository scanning in 169 ms. Found 1 JPA repository interfaces.
2021-01-22 11:44:22.555  INFO 10340 --- [main] o.s.b.w.embedded.tomcat.TomcatWebServer  : Tomcat initialized with port(s): 7074 (http)
2021-01-22 11:44:22.580  INFO 10340 --- [main] o.apache.catalina.core.StandardService   : Starting service [Tomcat]
2021-01-22 11:44:22.580  INFO 10340 --- [main] org.apache.catalina.core.StandardEngine  : Starting Servlet engine: [Apache Tomcat/9.0.41]
2021-01-22 11:44:22.585  INFO 10340 --- [main] o.a.catalina.core.AprLifecycleListener   : Loaded Apache Tomcat Native library [1.2.23] using APR version [1.7.0].
2021-01-22 11:44:22.585  INFO 10340 --- [main] o.a.catalina.core.AprLifecycleListener   : APR capabilities: IPv6 [true], sendfile [true], accept filters [false], random [true].
2021-01-22 11:44:22.585  INFO 10340 --- [main] o.a.catalina.core.AprLifecycleListener   : APR/OpenSSL configuration: useAprConnector [false], useOpenSSL [true]
2021-01-22 11:44:22.590  INFO 10340 --- [main] o.a.catalina.core.AprLifecycleListener   : OpenSSL successfully initialized [OpenSSL 1.1.1c  28 May 2019]
2021-01-22 11:44:22.815  INFO 10340 --- [main] o.a.c.c.C.[Tomcat].[localhost].[/]       : Initializing Spring embedded WebApplicationContext
2021-01-22 11:44:22.815  INFO 10340 --- [main] w.s.c.ServletWebServerApplicationContext : Root WebApplicationContext: initialization completed in 5000 ms
2021-01-22 11:44:23.550  INFO 10340 --- [main] o.hibernate.jpa.internal.util.LogHelper  : HHH000204: Processing PersistenceUnitInfo [name: default]
2021-01-22 11:44:23.751  INFO 10340 --- [main] org.hibernate.Version                    : HHH000412: Hibernate ORM core version 5.4.27.Final
2021-01-22 11:44:24.195  INFO 10340 --- [main] o.hibernate.annotations.common.Version   : HCANN000001: Hibernate Commons Annotations {5.1.2.Final}
2021-01-22 11:44:24.640  INFO 10340 --- [main] com.zaxxer.hikari.HikariDataSource       : HikariPool-1 - Starting...
2021-01-22 11:44:26.059  INFO 10340 --- [main] com.zaxxer.hikari.HikariDataSource       : HikariPool-1 - Start completed.
2021-01-22 11:44:26.095  INFO 10340 --- [main] org.hibernate.dialect.Dialect            : HHH000400: Using dialect: org.hibernate.dialect.MySQL5Dialect
2021-01-22 11:44:28.955  INFO 10340 --- [main] o.h.e.t.j.p.i.JtaPlatformInitiator       : HHH000490: Using JtaPlatform implementation: [org.hibernate.engine.transaction.jta.platform.internal.NoJtaPlatform]
2021-01-22 11:44:28.966  INFO 10340 --- [main] j.LocalContainerEntityManagerFactoryBean : Initialized JPA EntityManagerFactory for persistence unit 'default'
2021-01-22 11:44:30.200  WARN 10340 --- [main] JpaBaseConfiguration$JpaWebConfiguration : spring.jpa.open-in-view is enabled by default. Therefore, database queries may be performed during view rendering. Explicitly configure spring.jpa.open-in-view to disable this warning
2021-01-22 11:44:30.700  INFO 10340 --- [main] o.s.s.concurrent.ThreadPoolTaskExecutor  : Initializing ExecutorService 'applicationTaskExecutor'
2021-01-22 11:44:31.339  WARN 10340 --- [main] ConfigServletWebServerApplicationContext : Exception encountered during context initialization - cancelling refresh attempt: org.springframework.context.ApplicationContextException: Failed to start bean 'webServerStartStop'; nested exception is org.springframework.boot.web.server.PortInUseException: Port 7074 is already in use
2021-01-22 11:44:31.345  INFO 10340 --- [main] o.s.s.concurrent.ThreadPoolTaskExecutor  : Shutting down ExecutorService 'applicationTaskExecutor'
2021-01-22 11:44:31.345  INFO 10340 --- [main] j.LocalContainerEntityManagerFactoryBean : Closing JPA EntityManagerFactory for persistence unit 'default'
2021-01-22 11:44:31.465  INFO 10340 --- [main] com.zaxxer.hikari.HikariDataSource       : HikariPool-1 - Shutdown initiated...
2021-01-22 11:44:31.645  INFO 10340 --- [main] com.zaxxer.hikari.HikariDataSource       : HikariPool-1 - Shutdown completed.
2021-01-22 11:44:31.652  INFO 10340 --- [main] o.apache.catalina.core.StandardService   : Stopping service [Tomcat]
2021-01-22 11:44:32.195  INFO 10340 --- [main] ConditionEvaluationReportLoggingListener : 

Error starting ApplicationContext. To display the conditions report re-run your application with 'debug' enabled.
2021-01-22 11:44:32.815 ERROR 10340 --- [main] o.s.b.d.LoggingFailureAnalysisReporter   : 

***************************
APPLICATION FAILED TO START
***************************

Description:

Web server failed to start. Port 7074 was already in use.

Action:

Identify and stop the process that's listening on port 7074 or configure this application to listen on another port.

2021-01-22 11:45:13.615  INFO 19020 --- [main] c.h.a.A.AirportAdminServiceApplication   : Starting AirportAdminServiceApplication using Java 1.8.0_271 on DESKTOP-GV7K8NV with PID 19020 (C:\Users\Hi\Desktop\HCL\online_training_HCL\Mode2\SpringBootDemos\AirportAdminService\target\classes started by Hi in C:\Users\Hi\Desktop\HCL\online_training_HCL\Mode2\SpringBootDemos\AirportAdminService)
2021-01-22 11:45:13.630  INFO 19020 --- [main] c.h.a.A.AirportAdminServiceApplication   : No active profile set, falling back to default profiles: default
2021-01-22 11:45:15.200  INFO 19020 --- [main] .s.d.r.c.RepositoryConfigurationDelegate : Bootstrapping Spring Data JPA repositories in DEFAULT mode.
2021-01-22 11:45:15.366  INFO 19020 --- [main] .s.d.r.c.RepositoryConfigurationDelegate : Finished Spring Data repository scanning in 145 ms. Found 1 JPA repository interfaces.
2021-01-22 11:45:18.585  INFO 19020 --- [main] o.s.b.w.embedded.tomcat.TomcatWebServer  : Tomcat initialized with port(s): 7074 (http)
2021-01-22 11:45:18.605  INFO 19020 --- [main] o.apache.catalina.core.StandardService   : Starting service [Tomcat]
2021-01-22 11:45:18.605  INFO 19020 --- [main] org.apache.catalina.core.StandardEngine  : Starting Servlet engine: [Apache Tomcat/9.0.41]
2021-01-22 11:45:18.611  INFO 19020 --- [main] o.a.catalina.core.AprLifecycleListener   : Loaded Apache Tomcat Native library [1.2.23] using APR version [1.7.0].
2021-01-22 11:45:18.611  INFO 19020 --- [main] o.a.catalina.core.AprLifecycleListener   : APR capabilities: IPv6 [true], sendfile [true], accept filters [false], random [true].
2021-01-22 11:45:18.611  INFO 19020 --- [main] o.a.catalina.core.AprLifecycleListener   : APR/OpenSSL configuration: useAprConnector [false], useOpenSSL [true]
2021-01-22 11:45:18.615  INFO 19020 --- [main] o.a.catalina.core.AprLifecycleListener   : OpenSSL successfully initialized [OpenSSL 1.1.1c  28 May 2019]
2021-01-22 11:45:18.790  INFO 19020 --- [main] o.a.c.c.C.[Tomcat].[localhost].[/]       : Initializing Spring embedded WebApplicationContext
2021-01-22 11:45:18.790  INFO 19020 --- [main] w.s.c.ServletWebServerApplicationContext : Root WebApplicationContext: initialization completed in 5050 ms
2021-01-22 11:45:19.375  INFO 19020 --- [main] o.hibernate.jpa.internal.util.LogHelper  : HHH000204: Processing PersistenceUnitInfo [name: default]
2021-01-22 11:45:19.497  INFO 19020 --- [main] org.hibernate.Version                    : HHH000412: Hibernate ORM core version 5.4.27.Final
2021-01-22 11:45:19.855  INFO 19020 --- [main] o.hibernate.annotations.common.Version   : HCANN000001: Hibernate Commons Annotations {5.1.2.Final}
2021-01-22 11:45:20.160  INFO 19020 --- [main] com.zaxxer.hikari.HikariDataSource       : HikariPool-1 - Starting...
2021-01-22 11:45:20.595  INFO 19020 --- [main] com.zaxxer.hikari.HikariDataSource       : HikariPool-1 - Start completed.
2021-01-22 11:45:20.630  INFO 19020 --- [main] org.hibernate.dialect.Dialect            : HHH000400: Using dialect: org.hibernate.dialect.MySQL5Dialect
2021-01-22 11:45:22.005  INFO 19020 --- [main] o.h.e.t.j.p.i.JtaPlatformInitiator       : HHH000490: Using JtaPlatform implementation: [org.hibernate.engine.transaction.jta.platform.internal.NoJtaPlatform]
2021-01-22 11:45:22.015  INFO 19020 --- [main] j.LocalContainerEntityManagerFactoryBean : Initialized JPA EntityManagerFactory for persistence unit 'default'
2021-01-22 11:45:22.983  WARN 19020 --- [main] JpaBaseConfiguration$JpaWebConfiguration : spring.jpa.open-in-view is enabled by default. Therefore, database queries may be performed during view rendering. Explicitly configure spring.jpa.open-in-view to disable this warning
2021-01-22 11:45:23.329  INFO 19020 --- [main] o.s.s.concurrent.ThreadPoolTaskExecutor  : Initializing ExecutorService 'applicationTaskExecutor'
2021-01-22 11:45:24.140  INFO 19020 --- [main] o.s.b.w.embedded.tomcat.TomcatWebServer  : Tomcat started on port(s): 7074 (http) with context path ''
2021-01-22 11:45:24.165  INFO 19020 --- [main] c.h.a.A.AirportAdminServiceApplication   : Started AirportAdminServiceApplication in 11.374 seconds (JVM running for 12.333)
2021-01-22 11:46:05.615  INFO 19020 --- [http-nio-7074-exec-1] o.a.c.c.C.[Tomcat].[localhost].[/]       : Initializing Spring DispatcherServlet 'dispatcherServlet'
2021-01-22 11:46:05.615  INFO 19020 --- [http-nio-7074-exec-1] o.s.web.servlet.DispatcherServlet        : Initializing Servlet 'dispatcherServlet'
2021-01-22 11:46:05.615  INFO 19020 --- [http-nio-7074-exec-1] o.s.web.servlet.DispatcherServlet        : Completed initialization in 0 ms
2021-01-22 11:46:06.219  INFO 19020 --- [http-nio-7074-exec-1] c.h.a.A.controller.AdminController       : Entered in to validateAdmin method of AdminController class
2021-01-22 11:46:06.225  INFO 19020 --- [http-nio-7074-exec-1] c.h.a.A.service.AdminServiceImpl         : Entered in to getAdminCredetials() method of AdminServiceImpl class
2021-01-22 11:46:07.225  INFO 19020 --- [http-nio-7074-exec-2] c.h.a.A.controller.AdminController       : Entered in to validateAdmin method of AdminController class
2021-01-22 11:46:07.225  INFO 19020 --- [http-nio-7074-exec-2] c.h.a.A.service.AdminServiceImpl         : Entered in to getAdminCredetials() method of AdminServiceImpl class
2021-01-22 11:46:07.315  INFO 19020 --- [http-nio-7074-exec-3] c.h.a.A.controller.AdminController       : Entered in to validateAdmin method of AdminController class
2021-01-22 11:46:07.315  INFO 19020 --- [http-nio-7074-exec-3] c.h.a.A.service.AdminServiceImpl         : Entered in to getAdminCredetials() method of AdminServiceImpl class
2021-01-22 11:46:16.953  INFO 19020 --- [http-nio-7074-exec-4] c.h.a.A.controller.AdminController       : Entered in to validateAdmin method of AdminController class
2021-01-22 11:46:16.958  INFO 19020 --- [http-nio-7074-exec-4] c.h.a.A.service.AdminServiceImpl         : Entered in to getAdminCredetials() method of AdminServiceImpl class
2021-01-22 11:47:48.225  INFO 19020 --- [http-nio-7074-exec-6] c.h.a.A.controller.AdminController       : Entered in to validateAdmin method of AdminController class
2021-01-22 11:47:48.225  INFO 19020 --- [http-nio-7074-exec-6] c.h.a.A.service.AdminServiceImpl         : Entered in to getAdminCredetials() method of AdminServiceImpl class
2021-01-22 11:48:40.545  INFO 19020 --- [http-nio-7074-exec-7] c.h.a.A.controller.AdminController       : Entered in to validateAdmin method of AdminController class
2021-01-22 11:48:40.550  INFO 19020 --- [http-nio-7074-exec-7] c.h.a.A.service.AdminServiceImpl         : Entered in to getAdminCredetials() method of AdminServiceImpl class
2021-01-22 11:49:24.655  INFO 19020 --- [http-nio-7074-exec-8] c.h.a.A.controller.AdminController       : Entered in to validateAdmin method of AdminController class
2021-01-22 11:49:24.660  INFO 19020 --- [http-nio-7074-exec-8] c.h.a.A.service.AdminServiceImpl         : Entered in to getAdminCredetials() method of AdminServiceImpl class
2021-01-22 12:06:41.533  INFO 19020 --- [http-nio-7074-exec-10] c.h.a.A.controller.AdminController       : Entered in to validateAdmin method of AdminController class
2021-01-22 12:06:41.534  INFO 19020 --- [http-nio-7074-exec-10] c.h.a.A.service.AdminServiceImpl         : Entered in to getAdminCredetials() method of AdminServiceImpl class
2021-01-22 12:08:19.034  INFO 19020 --- [http-nio-7074-exec-1] c.h.a.A.controller.AdminController       : Entered in to validateAdmin method of AdminController class
2021-01-22 12:08:19.035  INFO 19020 --- [http-nio-7074-exec-1] c.h.a.A.service.AdminServiceImpl         : Entered in to getAdminCredetials() method of AdminServiceImpl class
2021-01-22 12:13:40.171  INFO 19020 --- [http-nio-7074-exec-2] c.h.a.A.controller.AdminController       : Entered in to validateAdmin method of AdminController class
2021-01-22 12:13:40.171  INFO 19020 --- [http-nio-7074-exec-2] c.h.a.A.service.AdminServiceImpl         : Entered in to getAdminCredetials() method of AdminServiceImpl class
2021-01-22 12:19:58.178  INFO 19020 --- [http-nio-7074-exec-4] c.h.a.A.controller.AdminController       : Entered in to validateAdmin method of AdminController class
2021-01-22 12:19:58.178  INFO 19020 --- [http-nio-7074-exec-4] c.h.a.A.service.AdminServiceImpl         : Entered in to getAdminCredetials() method of AdminServiceImpl class
2021-01-22 12:22:17.674  INFO 19020 --- [http-nio-7074-exec-5] c.h.a.A.controller.AdminController       : Entered in to validateAdmin method of AdminController class
2021-01-22 12:22:17.674  INFO 19020 --- [http-nio-7074-exec-5] c.h.a.A.service.AdminServiceImpl         : Entered in to getAdminCredetials() method of AdminServiceImpl class
2021-01-22 12:28:36.738  INFO 19020 --- [http-nio-7074-exec-6] c.h.a.A.controller.AdminController       : Entered in to validateAdmin method of AdminController class
2021-01-22 12:28:36.738  INFO 19020 --- [http-nio-7074-exec-6] c.h.a.A.service.AdminServiceImpl         : Entered in to getAdminCredetials() method of AdminServiceImpl class
2021-01-22 12:29:40.443  INFO 19020 --- [http-nio-7074-exec-7] c.h.a.A.controller.AdminController       : Entered in to validateAdmin method of AdminController class
2021-01-22 12:29:40.444  INFO 19020 --- [http-nio-7074-exec-7] c.h.a.A.service.AdminServiceImpl         : Entered in to getAdminCredetials() method of AdminServiceImpl class
2021-01-22 12:29:48.823  INFO 19020 --- [http-nio-7074-exec-8] c.h.a.A.controller.AdminController       : Entered in to validateAdmin method of AdminController class
2021-01-22 12:29:48.824  INFO 19020 --- [http-nio-7074-exec-8] c.h.a.A.service.AdminServiceImpl         : Entered in to getAdminCredetials() method of AdminServiceImpl class
2021-01-22 12:29:50.691  INFO 19020 --- [http-nio-7074-exec-9] c.h.a.A.controller.AdminController       : Entered in to validateAdmin method of AdminController class
2021-01-22 12:29:50.691  INFO 19020 --- [http-nio-7074-exec-9] c.h.a.A.service.AdminServiceImpl         : Entered in to getAdminCredetials() method of AdminServiceImpl class
2021-01-22 12:30:07.434  INFO 19020 --- [http-nio-7074-exec-10] c.h.a.A.controller.AdminController       : Entered in to validateAdmin method of AdminController class
2021-01-22 12:30:07.435  INFO 19020 --- [http-nio-7074-exec-10] c.h.a.A.service.AdminServiceImpl         : Entered in to getAdminCredetials() method of AdminServiceImpl class
2021-01-22 12:31:44.768  INFO 19020 --- [http-nio-7074-exec-2] c.h.a.A.controller.AdminController       : Entered in to validateAdmin method of AdminController class
2021-01-22 12:31:44.769  INFO 19020 --- [http-nio-7074-exec-2] c.h.a.A.service.AdminServiceImpl         : Entered in to getAdminCredetials() method of AdminServiceImpl class
2021-01-22 12:49:53.544  INFO 19020 --- [http-nio-7074-exec-3] c.h.a.A.controller.AdminController       : Entered in to validateAdmin method of AdminController class
2021-01-22 12:49:53.545  INFO 19020 --- [http-nio-7074-exec-3] c.h.a.A.service.AdminServiceImpl         : Entered in to getAdminCredetials() method of AdminServiceImpl class
2021-01-22 12:49:55.190  INFO 19020 --- [http-nio-7074-exec-4] c.h.a.A.controller.AdminController       : Entered in to validateAdmin method of AdminController class
2021-01-22 12:49:55.190  INFO 19020 --- [http-nio-7074-exec-4] c.h.a.A.service.AdminServiceImpl         : Entered in to getAdminCredetials() method of AdminServiceImpl class
2021-01-22 12:59:26.308  INFO 19020 --- [http-nio-7074-exec-6] c.h.a.A.controller.AdminController       : Entered in to validateAdmin method of AdminController class
2021-01-22 12:59:26.308  INFO 19020 --- [http-nio-7074-exec-6] c.h.a.A.service.AdminServiceImpl         : Entered in to getAdminCredetials() method of AdminServiceImpl class
2021-01-22 13:52:43.715  INFO 19020 --- [http-nio-7074-exec-7] c.h.a.A.controller.AdminController       : Entered in to validateAdmin method of AdminController class
2021-01-22 13:52:43.743  INFO 19020 --- [http-nio-7074-exec-7] c.h.a.A.service.AdminServiceImpl         : Entered in to getAdminCredetials() method of AdminServiceImpl class
2021-01-22 13:58:38.153  INFO 19020 --- [http-nio-7074-exec-8] c.h.a.A.controller.AdminController       : Entered in to validateAdmin method of AdminController class
2021-01-22 13:58:38.153  INFO 19020 --- [http-nio-7074-exec-8] c.h.a.A.service.AdminServiceImpl         : Entered in to getAdminCredetials() method of AdminServiceImpl class
2021-01-22 14:04:27.043  INFO 19020 --- [http-nio-7074-exec-10] c.h.a.A.controller.AdminController       : Entered in to validateAdmin method of AdminController class
2021-01-22 14:04:27.043  INFO 19020 --- [http-nio-7074-exec-9] c.h.a.A.controller.AdminController       : Entered in to validateAdmin method of AdminController class
2021-01-22 14:04:27.043  INFO 19020 --- [http-nio-7074-exec-10] c.h.a.A.service.AdminServiceImpl         : Entered in to getAdminCredetials() method of AdminServiceImpl class
2021-01-22 14:04:27.043  INFO 19020 --- [http-nio-7074-exec-9] c.h.a.A.service.AdminServiceImpl         : Entered in to getAdminCredetials() method of AdminServiceImpl class
2021-01-22 14:04:31.168  INFO 19020 --- [http-nio-7074-exec-1] c.h.a.A.controller.AdminController       : Entered in to validateAdmin method of AdminController class
2021-01-22 14:04:31.169  INFO 19020 --- [http-nio-7074-exec-1] c.h.a.A.service.AdminServiceImpl         : Entered in to getAdminCredetials() method of AdminServiceImpl class
2021-01-22 14:04:43.437  INFO 19020 --- [http-nio-7074-exec-2] c.h.a.A.controller.AdminController       : Entered in to validateAdmin method of AdminController class
2021-01-22 14:04:43.437  INFO 19020 --- [http-nio-7074-exec-2] c.h.a.A.service.AdminServiceImpl         : Entered in to getAdminCredetials() method of AdminServiceImpl class
2021-01-22 14:04:43.662  INFO 19020 --- [http-nio-7074-exec-3] c.h.a.A.controller.AdminController       : Entered in to validateAdmin method of AdminController class
2021-01-22 14:04:43.663  INFO 19020 --- [http-nio-7074-exec-3] c.h.a.A.service.AdminServiceImpl         : Entered in to getAdminCredetials() method of AdminServiceImpl class
2021-01-22 14:05:54.235  INFO 19020 --- [http-nio-7074-exec-4] c.h.a.A.controller.AdminController       : Entered in to validateAdmin method of AdminController class
2021-01-22 14:05:54.236  INFO 19020 --- [http-nio-7074-exec-4] c.h.a.A.service.AdminServiceImpl         : Entered in to getAdminCredetials() method of AdminServiceImpl class
2021-01-22 14:05:59.689  INFO 19020 --- [http-nio-7074-exec-5] c.h.a.A.controller.AdminController       : Entered in to validateAdmin method of AdminController class
2021-01-22 14:05:59.690  INFO 19020 --- [http-nio-7074-exec-5] c.h.a.A.service.AdminServiceImpl         : Entered in to getAdminCredetials() method of AdminServiceImpl class
2021-01-22 14:06:07.764  INFO 19020 --- [http-nio-7074-exec-6] c.h.a.A.controller.AdminController       : Entered in to validateAdmin method of AdminController class
2021-01-22 14:06:07.764  INFO 19020 --- [http-nio-7074-exec-6] c.h.a.A.service.AdminServiceImpl         : Entered in to getAdminCredetials() method of AdminServiceImpl class
2021-01-22 16:31:50.108  INFO 19020 --- [http-nio-7074-exec-7] c.h.a.A.controller.AdminController       : Entered in to validateAdmin method of AdminController class
2021-01-22 16:31:50.108  INFO 19020 --- [http-nio-7074-exec-8] c.h.a.A.controller.AdminController       : Entered in to validateAdmin method of AdminController class
2021-01-22 16:31:50.188  INFO 19020 --- [http-nio-7074-exec-7] c.h.a.A.service.AdminServiceImpl         : Entered in to getAdminCredetials() method of AdminServiceImpl class
2021-01-22 16:31:50.188  INFO 19020 --- [http-nio-7074-exec-8] c.h.a.A.service.AdminServiceImpl         : Entered in to getAdminCredetials() method of AdminServiceImpl class
2021-01-22 18:48:19.883  INFO 19020 --- [http-nio-7074-exec-10] c.h.a.A.controller.AdminController       : Entered in to validateAdmin method of AdminController class
2021-01-22 18:48:19.977  INFO 19020 --- [http-nio-7074-exec-10] c.h.a.A.service.AdminServiceImpl         : Entered in to getAdminCredetials() method of AdminServiceImpl class
2021-01-22 18:48:59.480  INFO 19020 --- [http-nio-7074-exec-9] c.h.a.A.controller.AdminController       : Entered in to validateAdmin method of AdminController class
2021-01-22 18:48:59.480  INFO 19020 --- [http-nio-7074-exec-9] c.h.a.A.service.AdminServiceImpl         : Entered in to getAdminCredetials() method of AdminServiceImpl class
